-200.0
-200.0
-200.0
-200.0
-200.0
-200.0
-200.0
-200.0
-200.0
-200.0
-200.0
-200.0
-200.0
-200.0
-200.0
-200.0
-200.0
-200.0
-200.0
-200.0
-200.0
-200.0
-200.0
-200.0
-200.0
-200.0
-200.0
-200.0
-200.0
-200.0
-200.0
-200.0
-200.0
-200.0
-200.0
-200.0
-200.0
-200.0
-200.0
-200.0
-200.0
-200.0
-200.0
-200.0
-200.0
-200.0
-200.0
-200.0
-200.0
-200.0
-200.0
-200.0
-200.0
-200.0
-200.0
-200.0
-200.0
-200.0
-200.0
-200.0
-200.0
-200.0
-200.0
-200.0
-200.0
-200.0
-200.0
-200.0
-200.0
-200.0
-200.0
-200.0
-200.0
-200.0
-200.0
-200.0
-200.0
-200.0
-200.0
-200.0
-200.0
-200.0
-200.0
-200.0
-200.0
-200.0
-200.0
-200.0
-200.0
-200.0
-200.0
-200.0
-200.0
-200.0
-200.0
-200.0
-200.0
-200.0
-200.0
-200.0
-200.0
-200.0
-200.0
-200.0
-200.0
-200.0
-200.0
-200.0
-200.0
-200.0
-200.0
-200.0
-200.0
-200.0
-200.0
-200.0
-200.0
-200.0
-200.0
-200.0
-200.0
-200.0
-200.0
-200.0
-200.0
-200.0
-200.0
-200.0
-200.0
-200.0
-200.0
-200.0
-200.0
-200.0
-200.0
-200.0
-200.0
-200.0
-200.0
-200.0
-200.0
-200.0
-200.0
-200.0
-200.0
-200.0
-200.0
-200.0
-200.0
-200.0
-200.0
-200.0
-200.0
-200.0
-200.0
-200.0
-200.0
-200.0
-200.0
-200.0
-200.0
-200.0
-200.0
-200.0
-200.0
-200.0
-200.0
-200.0
-200.0
-200.0
-200.0
-200.0
-200.0
-200.0
-200.0
-200.0
-200.0
-200.0
-200.0
-200.0
-200.0
-200.0
-200.0
-200.0
-200.0
-200.0
-200.0
-200.0
-200.0
-200.0
-200.0
-200.0
-200.0
-200.0
-200.0
-200.0
-200.0
-200.0
-200.0
-200.0
-200.0
-200.0
-200.0
-200.0
-200.0
-200.0
-200.0
-200.0
-200.0
-200.0
-200.0
-200.0
-200.0
-200.0
-200.0
-200.0
-200.0
-200.0
-200.0
-200.0
-200.0
-200.0
-200.0
-200.0
-200.0
-200.0
-200.0
-200.0
-200.0
-200.0
-200.0
-200.0
-200.0
-200.0
-200.0
-200.0
-200.0
-200.0
-200.0
-200.0
-200.0
-200.0
-200.0
-200.0
-200.0
-200.0
-200.0
-200.0
-200.0
-200.0
-200.0
-200.0
-200.0
-200.0
-200.0
-200.0
-200.0
-200.0
-200.0
-200.0
-200.0
-200.0
-200.0
-200.0
-200.0
-200.0
-200.0
-200.0
-200.0
-200.0
-200.0
-200.0
-200.0
-200.0
-200.0
-200.0
-200.0
-200.0
-200.0
-200.0
-200.0
-200.0
-200.0
-200.0
-200.0
-200.0
-200.0
-200.0
-200.0
-200.0
-200.0
-200.0
-200.0
-200.0
-200.0
-200.0
-200.0
-200.0
-200.0
-200.0
-200.0
-200.0
-200.0
-200.0
-200.0
-200.0
-200.0
-200.0
-200.0
-200.0
-200.0
-200.0
-200.0
-200.0
-200.0
-200.0
-200.0
-200.0
-200.0
-200.0
-200.0
-200.0
-200.0
-200.0
-200.0
-200.0
-200.0
-200.0
-200.0
-200.0
-200.0
-200.0
-200.0
-200.0
-200.0
-200.0
-200.0
-200.0
-200.0
-200.0
-200.0
-200.0
-200.0
-200.0
-200.0
-200.0
-200.0
-200.0
-200.0
-200.0
-200.0
-200.0
-200.0
-200.0
-200.0
-200.0
-200.0
-200.0
-200.0
-200.0
-200.0
-200.0
-200.0
-200.0
-200.0
-200.0
-200.0
-200.0
-200.0
-200.0
-200.0
-200.0
-200.0
-200.0
-200.0
-200.0
-200.0
-200.0
-200.0
-200.0
-200.0
-200.0
-200.0
-200.0
-200.0
-200.0
-200.0
-200.0
-200.0
-200.0
-200.0
-200.0
-200.0
-200.0
-200.0
-200.0
-200.0
-200.0
-200.0
-200.0
-200.0
-200.0
-200.0
-200.0
-200.0
-200.0
-200.0
-200.0
-200.0
-200.0
-200.0
-200.0
-200.0
-200.0
-200.0
-200.0
-200.0
-200.0
-200.0
-200.0
-200.0
-200.0
-200.0
-200.0
-200.0
-200.0
-200.0
-200.0
-200.0
-200.0
-200.0
-200.0
-200.0
-200.0
-200.0
-200.0
-200.0
-200.0
-200.0
-200.0
-200.0
-200.0
-200.0
-200.0
-200.0
-200.0
-200.0
-200.0
-200.0
-200.0
-200.0
-200.0
-200.0
-200.0
-200.0
-200.0
-200.0
-200.0
-200.0
-200.0
-200.0
-200.0
-200.0
-200.0
-200.0
-200.0
-200.0
-200.0
-200.0
-200.0
-200.0
-200.0
-200.0
-200.0
-200.0
-200.0
-200.0
-200.0
-200.0
-200.0
-200.0
-200.0
-200.0
-200.0
-200.0
-200.0
-200.0
-200.0
-200.0
-200.0
-200.0
-200.0
-200.0
-200.0
-200.0
-200.0
-200.0
-200.0
-200.0
-200.0
-200.0
-200.0
-200.0
-200.0
-200.0
-200.0
-200.0
-200.0
-200.0
-200.0
-200.0
-200.0
-200.0
-200.0
-200.0
-200.0
-200.0
-200.0
-200.0
-200.0
-200.0
-200.0
-200.0
-200.0
-200.0
-200.0
-200.0
-200.0
-200.0
-200.0
-200.0
-200.0
-200.0
-200.0
-200.0
-200.0
-200.0
-200.0
-200.0
-200.0
-200.0
-200.0
-200.0
-200.0
-200.0
-200.0
-200.0
-200.0
-200.0
-200.0
-200.0
-200.0
-200.0
-200.0
-200.0
-200.0
-200.0
-200.0
-200.0
-200.0
-200.0
-200.0
-200.0
-200.0
-200.0
-200.0
-200.0
-200.0
-200.0
-200.0
-200.0
-200.0
-200.0
-200.0
-200.0
-200.0
-200.0
-200.0
-200.0
-200.0
-200.0
-200.0
-200.0
-200.0
-200.0
-200.0
-200.0
-200.0
-200.0
-200.0
-200.0
-200.0
-200.0
-200.0
-200.0
-200.0
-200.0
-200.0
-200.0
-200.0
-200.0
-200.0
-200.0
-200.0
-200.0
-200.0
-200.0
-200.0
-200.0
-200.0
-200.0
-200.0
-200.0
-200.0
-200.0
-200.0
-200.0
-200.0
-200.0
-200.0
-200.0
-200.0
-200.0
-200.0
-200.0
-200.0
-200.0
-200.0
-200.0
-200.0
-200.0
-200.0
-200.0
-200.0
-200.0
-200.0
-200.0
-200.0
-200.0
-200.0
-200.0
-200.0
-200.0
-200.0
-200.0
-200.0
-200.0
-200.0
-200.0
-200.0
-200.0
-200.0
-200.0
-200.0
-200.0
-200.0
-200.0
-200.0
-200.0
-200.0
-200.0
-200.0
-200.0
-200.0
-200.0
-200.0
-200.0
-200.0
-200.0
-200.0
-200.0
-200.0
-200.0
-200.0
-200.0
-200.0
-200.0
-200.0
-200.0
-200.0
-200.0
-200.0
-200.0
-200.0
-200.0
-200.0
-200.0
-200.0
-200.0
-200.0
-200.0
-200.0
-200.0
-200.0
-200.0
-200.0
-200.0
-200.0
-200.0
-200.0
-200.0
-200.0
-200.0
-200.0
-200.0
-200.0
-200.0
-200.0
-200.0
-200.0
-200.0
-200.0
-200.0
-200.0
-200.0
-200.0
-200.0
-200.0
-200.0
-200.0
-200.0
-200.0
-200.0
-200.0
-200.0
-200.0
-200.0
-200.0
-200.0
-200.0
-200.0
-200.0
-200.0
-200.0
-200.0
-200.0
-200.0
-200.0
-200.0
-200.0
-200.0
-200.0
-200.0
-200.0
-200.0
-200.0
-200.0
-200.0
-200.0
-200.0
-200.0
-200.0
-200.0
-200.0
-200.0
-200.0
-200.0
-200.0
-200.0
-200.0
-200.0
-200.0
-200.0
-200.0
-200.0
-200.0
-200.0
-200.0
-200.0
-200.0
-200.0
-200.0
-200.0
-200.0
-200.0
-200.0
-200.0
-200.0
-200.0
-200.0
-200.0
-200.0
-200.0
-200.0
-200.0
-200.0
-200.0
-200.0
-200.0
-200.0
-200.0
-200.0
-200.0
-200.0
-200.0
-200.0
-200.0
-200.0
-200.0
-200.0
-200.0
-200.0
-200.0
-200.0
-200.0
-200.0
-200.0
-200.0
-200.0
-200.0
-200.0
-200.0
-200.0
-200.0
-200.0
-200.0
-200.0
-200.0
-200.0
-200.0
-200.0
-200.0
-200.0
-200.0
-200.0
-200.0
-200.0
-200.0
-200.0
-200.0
-200.0
-200.0
-200.0
-200.0
-200.0
-200.0
-200.0
-200.0
-200.0
-200.0
-200.0
-200.0
-200.0
-200.0
-200.0
-200.0
-200.0
-200.0
-200.0
-200.0
-200.0
-200.0
-200.0
-200.0
-200.0
-200.0
-200.0
-200.0
-200.0
-200.0
-200.0
-200.0
-200.0
-200.0
-200.0
-200.0
-200.0
-200.0
-200.0
-200.0
-200.0
-200.0
-200.0
-200.0
-200.0
-200.0
-200.0
-200.0
-200.0
-200.0
-200.0
-200.0
-200.0
-200.0
-200.0
-200.0
-200.0
-200.0
-200.0
-200.0
-200.0
-200.0
-200.0
-200.0
-200.0
-200.0
-200.0
-200.0
-200.0
-200.0
-200.0
-200.0
-200.0
-200.0
-200.0
-200.0
-200.0
-200.0
-200.0
-200.0
-200.0
-200.0
-200.0
-187.0
-188.0
-189.0
-190.0
-128.0
-200.0
-200.0
-200.0
-200.0
-200.0
-200.0
-200.0
-200.0
-200.0
-200.0
-200.0
-200.0
-200.0
-200.0
-200.0
-200.0
-200.0
-200.0
-200.0
-200.0
-200.0
-200.0
-200.0
-200.0
-200.0
-200.0
-200.0
-200.0
-199.0
-181.0
-200.0
-200.0
-200.0
-200.0
-200.0
-200.0
-200.0
-200.0
-200.0
-200.0
-200.0
-200.0
-200.0
-200.0
-200.0
-200.0
-200.0
-200.0
-200.0
-200.0
-200.0
-200.0
-200.0
-200.0
-200.0
-200.0
-200.0
-200.0
-200.0
-187.0
-183.0
-200.0
-200.0
-187.0
-200.0
-196.0
-191.0
-181.0
-194.0
-196.0
-192.0
-192.0
-200.0
-183.0
-200.0
-200.0
-200.0
-200.0
-200.0
-200.0
-200.0
-200.0
-200.0
-200.0
-200.0
-200.0
-200.0
-200.0
-200.0
-200.0
-200.0
-200.0
-200.0
-181.0
-184.0
-200.0
-200.0
-200.0
-200.0
-200.0
-200.0
-200.0
-200.0
-155.0
-200.0
-200.0
-200.0
-200.0
-200.0
-200.0
-200.0
-200.0
-200.0
-200.0
-200.0
-200.0
-200.0
-200.0
-200.0
-200.0
-200.0
-200.0
-200.0
-200.0
-200.0
-200.0
-200.0
-200.0
-187.0
-189.0
-200.0
-200.0
-200.0
-200.0
-200.0
-195.0
-187.0
-200.0
-200.0
-200.0
-195.0
-189.0
-198.0
-200.0
-195.0
-196.0
-196.0
-200.0
-200.0
-187.0
-200.0
-200.0
-200.0
-179.0
-185.0
-200.0
-200.0
-200.0
-200.0
-200.0
-200.0
-200.0
-200.0
-200.0
-200.0
-200.0
-200.0
-200.0
-200.0
-200.0
-200.0
-200.0
-200.0
-200.0
-200.0
-200.0
-200.0
-200.0
-200.0
-200.0
-200.0
-181.0
-185.0
-200.0
-200.0
-200.0
-200.0
-200.0
-200.0
-200.0
-200.0
-200.0
-200.0
-200.0
-200.0
-200.0
-200.0
-200.0
-200.0
-200.0
-200.0
-200.0
-200.0
-200.0
-200.0
-200.0
-200.0
-200.0
-200.0
-198.0
-200.0
-186.0
-200.0
-196.0
-200.0
-200.0
-200.0
-200.0
-199.0
-194.0
-200.0
-200.0
-198.0
-193.0
-197.0
-197.0
-190.0
-200.0
-199.0
-200.0
-194.0
-187.0
-200.0
-194.0
-196.0
-200.0
-200.0
-200.0
-200.0
-194.0
-192.0
-189.0
-194.0
-200.0
-200.0
-200.0
-166.0
-176.0
-194.0
-197.0
-200.0
-198.0
-200.0
-199.0
-198.0
-192.0
-200.0
-197.0
-189.0
-189.0
-196.0
-197.0
-195.0
-198.0
-191.0
-197.0
-200.0
-200.0
-192.0
-188.0
-200.0
-183.0
-200.0
-200.0
-198.0
-200.0
-198.0
-195.0
-189.0
-200.0
-199.0
-194.0
-200.0
-199.0
-197.0
-200.0
-192.0
-200.0
-199.0
-196.0
-167.0
-126.0
-171.0
-200.0
-200.0
-188.0
-200.0
-199.0
-182.0
-189.0
-199.0
-181.0
-179.0
-124.0
-189.0
-200.0
-189.0
-193.0
-200.0
-200.0
-198.0
-193.0
-200.0
-200.0
-200.0
-200.0
-196.0
-200.0
-193.0
-197.0
-192.0
-200.0
-200.0
-200.0
-193.0
-187.0
-198.0
-194.0
-197.0
-200.0
-194.0
-197.0
-200.0
-200.0
-200.0
-200.0
-199.0
-198.0
-197.0
-200.0
-200.0
-196.0
-200.0
-197.0
-184.0
-198.0
-198.0
-191.0
-190.0
-196.0
-200.0
-200.0
-200.0
-198.0
-196.0
-200.0
-193.0
-198.0
-183.0
-200.0
-200.0
-196.0
-197.0
-184.0
-190.0
-200.0
-187.0
-195.0
-200.0
-182.0
-181.0
-193.0
-193.0
-137.0
-191.0
-200.0
-200.0
-133.0
-175.0
-128.0
-181.0
-197.0
-122.0
-179.0
-193.0
-131.0
-183.0
-188.0
-189.0
-193.0
-200.0
-198.0
-188.0
-200.0
-200.0
-185.0
-197.0
-193.0
-187.0
-191.0
-195.0
-190.0
-197.0
-196.0
-193.0
-198.0
-192.0
-196.0
-199.0
-123.0
-186.0
-200.0
-198.0
-200.0
-197.0
-196.0
-132.0
-127.0
-123.0
-177.0
-197.0
-196.0
-193.0
-190.0
-191.0
-187.0
-200.0
-197.0
-121.0
-180.0
-193.0
-196.0
-194.0
-200.0
-198.0
-196.0
-200.0
-188.0
-200.0
-200.0
-200.0
-197.0
-167.0
-200.0
-200.0
-127.0
-196.0
-190.0
-134.0
-178.0
-199.0
-195.0
-197.0
-190.0
-198.0
-200.0
-127.0
-188.0
-198.0
-200.0
-196.0
-197.0
-197.0
-191.0
-200.0
-194.0
-194.0
-200.0
-200.0
-184.0
-199.0
-129.0
-193.0
-200.0
-200.0
-197.0
-200.0
-195.0
-198.0
-199.0
-130.0
-200.0
-200.0
-189.0
-197.0
-200.0
-199.0
-198.0
-197.0
-200.0
-196.0
-196.0
-194.0
-132.0
-185.0
-200.0
-198.0
-200.0
-192.0
-194.0
-197.0
-191.0
-200.0
-188.0
-123.0
-195.0
-198.0
-197.0
-200.0
-123.0
-137.0
-185.0
-199.0
-196.0
-198.0
-199.0
-199.0
-200.0
-200.0
-194.0
-200.0
-197.0
-200.0
-123.0
-192.0
-200.0
-199.0
-200.0
-199.0
-196.0
-200.0
-200.0
-200.0
-200.0
-191.0
-200.0
-125.0
-200.0
-200.0
-191.0
-200.0
-199.0
-194.0
-200.0
-197.0
-186.0
-131.0
-187.0
-193.0
-124.0
-190.0
-200.0
-200.0
-200.0
-195.0
-200.0
-200.0
-195.0
-195.0
-200.0
-195.0
-196.0
-200.0
-200.0
-196.0
-197.0
-198.0
-200.0
-200.0
-196.0
-200.0
-123.0
-194.0
-199.0
-197.0
-194.0
-200.0
-195.0
-200.0
-200.0
-196.0
-200.0
-200.0
-188.0
-200.0
-181.0
-195.0
-195.0
-194.0
-200.0
-194.0
-200.0
-200.0
-200.0
-200.0
-197.0
-200.0
-124.0
-195.0
-200.0
-185.0
-200.0
-191.0
-189.0
-200.0
-200.0
-200.0
-197.0
-197.0
-198.0
-200.0
-195.0
-199.0
-200.0
-200.0
-196.0
-200.0
-200.0
-199.0
-200.0
-130.0
-198.0
-200.0
-194.0
-199.0
-200.0
-193.0
-200.0
-200.0
-193.0
-200.0
-200.0
-200.0
-200.0
-200.0
-131.0
-200.0
-200.0
-200.0
-197.0
-200.0
-200.0
-197.0
-200.0
-191.0
-200.0
-200.0
-193.0
-200.0
-192.0
-200.0
-128.0
-200.0
-200.0
-187.0
-200.0
-124.0
-196.0
-200.0
-200.0
-195.0
-200.0
-200.0
-133.0
-200.0
-200.0
-200.0
-197.0
-200.0
-200.0
-193.0
-200.0
-197.0
-197.0
-196.0
-199.0
-200.0
-200.0
-200.0
-200.0
-126.0
-200.0
-200.0
-200.0
-200.0
-200.0
-200.0
-200.0
-200.0
-200.0
-133.0
-200.0
-200.0
-200.0
-200.0
-199.0
-198.0
-200.0
-122.0
-196.0
-200.0
-200.0
-200.0
-200.0
-194.0
-125.0
-198.0
-200.0
-200.0
-200.0
-197.0
-200.0
-198.0
-197.0
-200.0
-200.0
-196.0
-200.0
-200.0
-198.0
-200.0
-200.0
-200.0
-200.0
-200.0
-200.0
-125.0
-198.0
-200.0
-193.0
-200.0
-125.0
-198.0
-200.0
-198.0
-200.0
-200.0
-200.0
-134.0
-200.0
-200.0
-124.0
-126.0
-200.0
-200.0
-200.0
-200.0
-196.0
-200.0
-197.0
-200.0
-198.0
-200.0
-200.0
-131.0
-200.0
-200.0
-199.0
-200.0
-199.0
-200.0
-200.0
-200.0
-200.0
-200.0
-197.0
-200.0
-200.0
-200.0
-200.0
-200.0
-200.0
-200.0
-200.0
-128.0
-132.0
-200.0
-200.0
-126.0
-197.0
-200.0
-200.0
-200.0
-200.0
-128.0
-200.0
-200.0
-200.0
-199.0
-200.0
-122.0
-200.0
-200.0
-131.0
-200.0
-200.0
-200.0
-200.0
-200.0
-200.0
-197.0
-200.0
-200.0
-200.0
-199.0
-200.0
-200.0
-200.0
-200.0
-198.0
-194.0
-200.0
-200.0
-200.0
-200.0
-197.0
-199.0
-200.0
-200.0
-200.0
-200.0
-200.0
-192.0
-200.0
-200.0
-200.0
-200.0
-127.0
-197.0
-200.0
-200.0
-200.0
-200.0
-200.0
-200.0
-200.0
-193.0
-198.0
-200.0
-198.0
-200.0
-197.0
-200.0
-197.0
-200.0
-200.0
-200.0
-200.0
-200.0
-122.0
-200.0
-200.0
-200.0
-197.0
-200.0
-122.0
-200.0
-200.0
-200.0
-200.0
-200.0
-200.0
-196.0
-200.0
-200.0
-200.0
-200.0
-200.0
-197.0
-198.0
-197.0
-200.0
-125.0
-200.0
-200.0
-197.0
-200.0
-127.0
-200.0
-200.0
-200.0
-200.0
-127.0
-200.0
-123.0
-196.0
-200.0
-129.0
-200.0
-200.0
-200.0
-200.0
-200.0
-197.0
-200.0
-121.0
-200.0
-200.0
-124.0
-200.0
-195.0
-200.0
-200.0
-200.0
-200.0
-195.0
-200.0
-200.0
-200.0
-200.0
-200.0
-125.0
-200.0
-200.0
-200.0
-200.0
-135.0
-200.0
-200.0
-200.0
-200.0
-200.0
-200.0
-200.0
-200.0
-200.0
-200.0
-192.0
-200.0
-200.0
-200.0
-200.0
-200.0
-197.0
-200.0
-200.0
-200.0
-125.0
-200.0
-200.0
-200.0
-121.0
-196.0
-200.0
-200.0
-200.0
-200.0
-200.0
-200.0
-200.0
-200.0
-200.0
-200.0
-200.0
-199.0
-200.0
-198.0
-200.0
-200.0
-199.0
-200.0
-198.0
-200.0
-200.0
-200.0
-123.0
-200.0
-200.0
-200.0
-200.0
-200.0
-124.0
-200.0
-121.0
-123.0
-200.0
-200.0
-200.0
-195.0
-200.0
-132.0
-123.0
-200.0
-200.0
-200.0
-200.0
-200.0
-146.0
-198.0
-200.0
-200.0
-200.0
-197.0
-200.0
-200.0
-197.0
-200.0
-200.0
-200.0
-124.0
-122.0
-200.0
-200.0
-199.0
-197.0
-200.0
-200.0
-196.0
-200.0
-200.0
-200.0
-200.0
-200.0
-200.0
-200.0
-195.0
-200.0
-200.0
-200.0
-128.0
-200.0
-200.0
-200.0
-200.0
-191.0
-200.0
-200.0
-200.0
-200.0
-200.0
-150.0
-199.0
-200.0
-200.0
-200.0
-126.0
-200.0
-196.0
-200.0
-199.0
-200.0
-200.0
-200.0
-200.0
-200.0
-200.0
-121.0
-200.0
-200.0
-200.0
-200.0
-200.0
-200.0
-200.0
-200.0
-200.0
-200.0
-200.0
-124.0
-200.0
-124.0
-198.0
-200.0
-200.0
-194.0
-200.0
-200.0
-133.0
-200.0
-200.0
-200.0
-200.0
-200.0
-126.0
-200.0
-200.0
-116.0
-200.0
-192.0
-199.0
-125.0
-200.0
