-1.4806121532471317
-0.1619425249117034
-0.15797152595722302
-0.13924642212697405
-0.20438837863230117
-0.2007155218211462
-0.18123847316481945
-0.2383159176125384
-0.2339326568501018
-0.21582874923495782
-0.2618526701962461
-0.2587235732613879
-0.24845929215907545
-0.27982471872814163
-0.2769501314633029
-0.2705908870994054
-0.29063235519650343
-0.2884493337732693
-0.28088540428595893
-0.2973280434411412
-0.29482885766367817
-0.2874138029801557
-0.3004930321727931
-0.29727291129050865
-0.28920570864856354
-0.29824034965925694
-0.29528792932497216
-0.28664185363643024
-0.2937707873386778
-0.2903291856273651
-0.2818582002481992
-0.2883127845746819
-0.2839662822744664
-0.27813932259784674
-0.27751548821944827
-0.27542955483556253
-0.26889614117402993
-0.2679519610224761
-0.26446779249314456
-0.2560690605864259
-0.2553876550025634
-0.2522119499215654
-0.24632167997763835
-0.2399937123357658
-0.23936127566610624
-0.23360642830813216
-0.2281678314310283
-0.2266343495323767
-0.22165528917109553
-0.21253691062750965
-0.2137207790766729
-0.20925655552884326
-0.19836709495464985
-0.1981693599535992
-0.19734957650066395
-0.18145928914208312
-0.18141723097411291
-0.18465536249219136
-0.16622077880719793
-0.16406725874429004
-0.1687219381835239
-0.178539774053667
-0.1795906575219613
-0.18453584145230212
-0.15052854224118403
-0.1530947731300766
-0.15597512089871013
-0.18968356435479022
-0.187211085386105
-0.18126477823133552
-0.22731615492707732
-0.22358232880108073
-0.21735480063894222
-0.2568770456834513
-0.25249427515249995
-0.24973002598906607
-0.27800099469743944
-0.27483219648932355
-0.27867763390908085
-0.2928068845731075
-0.2905551779588124
-0.2974286532064352
-0.303117183498246
-0.3031936407761834
-0.3120451559459989
-0.3129431404329158
-0.3140617166875347
-0.3238664955993655
-0.3192451579268195
-0.3213196995155752
-0.3315082537490497
-0.3246664365793754
-0.3273669657799121
-0.3375192837957022
-0.32824105661587905
-0.3318764258468223
-0.34136839880055253
-0.3299319383990564
-0.33459414187062286
-0.34227750566601767
-0.33233442103862193
-0.3360165877945924
-0.34372640276891664
-0.3318383124350432
-0.33552375261644896
-0.3418647998368233
-0.3294406839426188
-0.3333076219930476
-0.3393221170486371
-0.32512011700982374
-0.32868201682815607
-0.3361232612023843
-0.31969509115043465
-0.3237879697572815
-0.3309627908763991
-0.31116513046992356
-0.31518323022901085
-0.3224896704169281
-0.2975788207647114
-0.3013234574011109
-0.3073948629960797
-0.2772518729688192
-0.2803973109169059
-0.2874345767829248
-0.24956010236107612
-0.2531029259468577
-0.261027877871894
-0.21435733845059932
-0.2187423567055017
-0.22574843386884835
-0.19552385954169751
-0.19078950460921254
-0.18377284526124357
-0.2395171330944569
-0.2333615475795102
-0.22356984789159007
-0.2739926968485698
-0.26745679961073243
-0.25785576849990116
-0.29787050063982917
-0.29241557922036315
-0.2902066063130167
-0.3152065239039678
-0.3114100837251179
-0.3113349628920783
-0.32776873238659476
-0.32452960931460334
-0.323396097345509
-0.33600532069949623
-0.3345901530203934
-0.3329349412582612
-0.3422379905684318
-0.340551924181326
-0.3383067645840471
-0.34749338338105884
-0.34510426194096677
-0.34481633395211925
-0.35157509518400837
-0.34901669771003985
-0.35015619168780565
-0.3526478152535856
-0.34976768693560834
-0.3524233463556738
-0.35169702063040464
-0.3505758179978223
-0.35271594941477735
-0.3509435533131181
-0.3495430449072781
-0.35316735388464576
-0.3491258255071531
-0.34802021411977274
-0.3526935117650762
-0.34560769088201077
-0.3444795832017951
-0.3507210077126993
-0.34044032409652275
-0.3401837475779326
-0.3488296498297349
-0.3321324136093042
-0.33207645696580096
-0.34489556835368035
-0.31772364165898354
-0.31913593469439666
-0.3347265937652919
-0.30073661290906833
-0.30453702539636895
-0.31932408728447237
-0.2820593127043214
-0.28653468009661637
-0.3005372616305438
-0.2591743174581573
-0.26243072349045915
-0.27620416737386105
-0.3863793376636754
-0.3880941908402088
-0.37732650785280164
-0.3811497635310967
-0.38340617702912705
-0.37234329156952317
-0.37673189936502866
-0.3787420668332019
-0.36698744825880775
-0.37182547592006704
-0.37371317304671464
-0.3623997221672227
-0.36731915538818705
-0.3687542445564892
-0.3586940916251795
-0.36213155125326063
-0.363491749157518
-0.3547353706170413
-0.35644543719433264
-0.35816195613223645
-0.3497113233303592
-0.35129228834025755
-0.35277203304821736
-0.34609112682341825
-0.34338749581888056
-0.34508142599829994
-0.33877465579011035
-0.3335382381415761
-0.3358668679392588
-0.32978376937938697
-0.3243290016486008
-0.3274271171245484
-0.32189581898318576
-0.31415796643582233
-0.316823145975772
-0.3131331535584476
-0.3020392168837684
-0.30578448590383445
-0.3025083561828502
-0.28912697905609663
-0.29274764290714195
-0.2906386414595314
-0.2760575332697033
-0.27927069512357366
-0.27764796767455235
-0.2615470870566798
-0.26385558907757894
-0.26352552362304776
-0.2466653090739726
-0.2481537524876785
-0.24868736368103042
-0.23267750146422825
-0.2336278888690876
-0.2350092986881529
-0.21970318025956076
-0.2195159710493948
-0.22158576617234144
-0.2080122974623285
-0.2066986631248392
-0.20879080773846453
-0.2821731968008295
-0.28378218361400204
-0.2794720016973379
-0.29187225556988244
-0.2934646011464372
-0.28903600296396614
-0.30056805024603755
-0.30213628484142857
-0.2963480024726052
-0.30789858512871604
-0.3097512810336807
-0.30452985953732575
-0.3159507382843844
-0.3175112096346316
-0.3129353792456929
-0.3237782986877098
-0.32490626840847137
-0.3222609618913694
-0.3306118934420761
-0.3313910894196859
-0.3302059282626559
-0.33660839964055334
-0.33729618016903945
-0.33788863962250715
-0.34223438632389575
-0.34307524589109983
-0.346358745248534
-0.3465322955829921
-0.34728379281803423
-0.3522869088798509
-0.3500339736035751
-0.35108834212362144
-0.3577915930117754
-0.3522912351233494
-0.3539942760881289
-0.3609677761988539
-0.3535753013742063
-0.35613308501581803
-0.3633700247674577
-0.35600856163910455
-0.3579824871813527
-0.3647393721640625
-0.35669375381857976
-0.35905225917431466
-0.36561187163990383
-0.3575796203332292
-0.36010802866881875
-0.3652512762208876
-0.35813228135052316
-0.3604484914567719
-0.3658910396737877
-0.3582364535160893
-0.36094735830198715
-0.36457175938897596
-0.35778835089412026
-0.360444294550005
-0.36332703751334827
-0.35772431056990206
-0.36036522789491016
-0.36205026187143197
-0.3573388351996148
-0.36021907399454245
-0.36071218571505453
-0.3584017914172938
-0.3603946519073749
-0.3594614613751943
-0.3596794094834403
-0.3612902925313359
-0.3585678574886015
-0.36176024508109333
-0.362068716652777
-0.35819018500263733
-0.36278108965827177
-0.36313538441300647
-0.35761283692466417
-0.36530202098002174
-0.3645156718605077
-0.3584104178112759
-0.36751934381073376
-0.3661860312480835
-0.36023230059458433
-0.3691058751734509
-0.3680143878820477
-0.36236777515190893
-0.37116484795118004
-0.36961008861101485
-0.36486756786356545
-0.3727833192638349
-0.37117612713156706
-0.3678225948602148
-0.37404265758076805
-0.37210797846695587
-0.36906252411256496
-0.37468185390568065
-0.3731025381211819
-0.3701629144355588
-0.37526886099651674
-0.37430638438311725
-0.3719835908732125
-0.3758021374554492
-0.37517712531761704
-0.37151537324392825
-0.3763080339252956
-0.3757517776045457
-0.3723718820032395
-0.3767513686027377
-0.3761692109915594
-0.3714689120193197
-0.37629913699165535
-0.37630607109472985
-0.37154540339407505
-0.37535954119889364
-0.37581682765476
-0.3698299941327305
-0.37434665483842755
-0.37498003824858933
-0.36743021516883395
-0.3710487803471087
-0.37261373727040875
-0.36525466797963774
-0.36748187929463055
-0.3691191777416561
-0.36323354318288664
-0.3670495855910742
-0.3697675467086578
-0.3608807341106251
-0.36908080517926434
-0.37193727809715815
-0.3597038788020702
-0.3760307192227759
-0.3763683743268421
-0.3640811910270757
-0.2338434941172934
-0.23186113370054634
-0.2227910776540554
-0.25149758314668713
-0.24957821192611013
-0.23920305687383467
-0.2694391327703101
-0.2664979538965173
-0.25607869206571826
-0.2859341343832036
-0.28299968196398667
-0.27285105706803003
-0.30008732888331696
-0.29687233137017316
-0.28674711545201725
-0.3145879368438762
-0.3110971219229614
-0.30126520930304773
-0.3276838602287422
-0.3237158221553364
-0.3149493789719905
-0.33890381297685784
-0.3353228239839211
-0.3278577922277833
-0.34928932649429134
-0.34615942441954356
-0.3416768631313689
-0.3582416776622859
-0.3557871986601281
-0.35476322653397974
-0.3663442221403861
-0.3646155164831355
-0.36418682073566105
-0.3755353350906133
-0.3740516647132131
-0.37467654346608503
-0.38250153522258334
-0.3806954795556491
-0.3840931582733163
-0.3886664602404672
-0.3875256126287913
-0.390451044312551
-0.39479820229464696
-0.3936847511980918
-0.39598040014843716
-0.39940180817588095
-0.3992733609730024
-0.40169532320924733
-0.40397824719999864
-0.4039170218667933
-0.4061996966490215
-0.408323818153827
-0.4085856431624349
-0.410228365701789
-0.412382629636038
-0.4126875357791268
-0.4149958254254157
-0.41579827094238564
-0.41643289574092135
-0.4187039829245521
-0.4193164262003581
-0.4191661172280305
-0.4208339053959898
-0.4215051882881872
-0.42169863596272505
-0.42304367721205227
-0.4237790508363413
-0.42394280245264676
-0.42544782881732557
-0.4261218662448788
-0.4265731228271721
-0.42763400325959744
-0.4273838151452866
-0.4280259423445741
-0.4294828127983494
-0.4295854222712763
-0.42925343982487
-0.43156954378735385
-0.4317299969512676
-0.43064040587573377
-0.4325186513943145
-0.4319691552735091
-0.43245549327229654
-0.43397554074466044
-0.43491887348102765
-0.4340560349127617
-0.4353830627739264
-0.4358942771539788
-0.434529209716393
-0.43600430804071133
-0.4362700806498236
-0.435239238474436
-0.43801316165602455
-0.4367619680227036
-0.43507714694640903
-0.4379837516692207
-0.4367872983933605
-0.43683706246110865
-0.43776129025282834
-0.43561436574744344
-0.43669802459874807
-0.4383615118420845
-0.43540884737362096
-0.4360832352411038
-0.4362208007563677
-0.43626046373354194
-0.43579922249712544
-0.43539494189279887
-0.43699037805714824
-0.43579777830435273
-0.4356881956080348
-0.43553380527703023
-0.4349552786425943
-0.4347166867794232
-0.43534167348308256
-0.4344687021079181
-0.43267382978729824
-0.4350769700612864
-0.43396693420156646
-0.4348428704289887
-0.43262504354334996
-0.43246310066966953
-0.4344978076433901
-0.4309965052462738
-0.431501606236428
-0.432538569761184
-0.42972539025534445
-0.4304262606287366
-0.43168935858793756
-0.4287816571292119
-0.4283870524085656
-0.43096696948304064
-0.4293098374550315
-0.4276210395769935
-0.42991205679425304
-0.4281772495342381
-0.4280007860385983
-0.43001049628272237
-0.4247402048497156
-0.42763562752767004
-0.4274309907652621
-0.4237419435780268
-0.4258230765437227
-0.4285986584146598
-0.4210742120581069
-0.42374578124787504
-0.4268072675902838
-0.4190874766814833
-0.4210094959130248
-0.4258587357586384
-0.41411082073165506
-0.4180501714029238
-0.4215263224039441
-0.41163651072770485
-0.4133286048114173
-0.41738498474379304
-0.40563712813863756
-0.40856276774173045
-0.4108514207344416
-0.39911242213457243
-0.4019773628995023
-0.4059945272115733
-0.3931823858886573
-0.39369125307044534
-0.40010164068684917
-0.3856255309398343
-0.3862570358744908
-0.3917297929356976
-0.3769779400501338
-0.376874453132374
-0.3838026768891687
-0.3677894058653987
-0.36661215503066885
-0.37460884238350545
-0.35588649041637554
-0.3553733497203841
-0.3638725949038237
-0.3430628246788633
-0.3427115658776752
-0.3512620327898646
-0.3298731014837539
-0.32941235093639454
-0.3391282446736136
-0.3148011598616646
-0.3154670001731021
-0.3253592952334177
-0.29992288189086147
-0.3004261910903407
-0.3104522857426831
-0.28317402764824523
-0.2843745824778119
-0.2937900525631076
-0.20876360848196104
-0.21095154758000112
-0.2170565599394308
-0.20705735626825927
-0.20770138886598696
-0.21228040429033054
-0.197458172477982
-0.19828872710309592
-0.20297892676856627
-0.25084923102999446
-0.24997397251265796
-0.24692647965672837
-0.2624931025808724
-0.26248681515079875
-0.25853462682352757
-0.2726759437738159
-0.27413680619652625
-0.2697666288647893
-0.2244368127519783
-0.23012266488298608
-0.23808008572582923
-0.2610977568080864
-0.26299993045360115
-0.26801876051354134
-0.14133373904971552
-0.14036982801636116
-0.13306088206525757
-0.21182830834499589
-0.2104864816763358
-0.19700156132579075
-0.20459979169152345
-0.20637946107467667
-0.21484284125649955
-0.23835054439792006
-0.23713187663583413
-0.23456964996517185
-0.1662363855394023
-0.1712792120435641
-0.1744173397413977
-0.24344366777869408
-0.24528285222803717
-0.25160678129376246
-0.11088448589124747
-0.11492519945532398
-0.11508322424127211
-0.22550211815507054
-0.2283631102576299
-0.2347311461018794
-0.14545199327634134
-0.14254793582583417
-0.132752988376637
-0.19514829127801242
-0.1944348730638065
-0.18029111718179466
-0.19651676842391275
-0.1980819236411249
-0.20554085683096704
-0.22492221927469003
-0.2228378462299503
-0.2211404452654215
-0.11714503170430314
-0.113937650836383
-0.08772861708515106
-0.18042872100339555
-0.1793940639810448
-0.1653021363661148
-0.18674435901402767
-0.1882626434775504
-0.1954395349921547
-0.21216726882546424
-0.2089729838967075
-0.20803930429292308
-0.17709239389463055
-0.17929380607965947
-0.1860345243109103
-0.20010573924070504
-0.1968967933744992
-0.1960698289277469
-0.17676138489880056
-0.18269065520798064
-0.1911048184047051
-0.2090071165421766
-0.21186138219015999
-0.21795878109956612
-0.12326395656381971
-0.12977383683349655
-0.13404298903307826
-0.19485392204206217
-0.1979887327839733
-0.20406272271557946
-0.10352559008240522
-0.10419152609204069
-0.09485426710415276
-0.1655705058952016
-0.16543926013481772
-0.15145129378503328
-0.10924139357912463
-0.10728227287758353
-0.09816011425361403
-0.15237758766469067
-0.1521400451935371
-0.13927433612804252
-0.16666935188842885
-0.16884811344176773
-0.1775194566224941
-0.18852063462448762
-0.18485074113715005
-0.18562833443730714
-0.08058243020163855
-0.08616895223260039
-0.08717505889838584
-0.18035331408150226
-0.1837639422311848
-0.18954462886454787
-0.14773507624744606
-0.14631125148999607
-0.15225278305459755
-0.19752934600706162
-0.19571143747954675
-0.19789151401022706
-0.08779514890763258
-0.08540996597301115
-0.058812804277383945
-0.13982841694169013
-0.1394950824062316
-0.1265834303696286
-0.1559929414167151
-0.15904615419808776
-0.167828096595815
-0.17741102160229458
-0.17468277698177934
-0.17589874530714275
-0.1384159817524947
-0.1448094099830999
-0.15115869902385176
-0.1672573906966367
-0.17114524199881012
-0.17586045919560445
-0.09130932413145582
-0.09705887224977504
-0.1012742399818773
-0.15603743794852118
-0.159538240170225
-0.16367163661031314
-0.1295467306543679
-0.12851710738159242
-0.13563714752567874
-0.18673978155445897
-0.1850132865950988
-0.18666958978926163
-0.06482648206400751
-0.06388806789957638
-0.05961041158487939
-0.17694556831186012
-0.17509823263838156
-0.17724716067357038
-0.12865162307379382
-0.13207286742850455
-0.14265622565920208
-0.13722777282957607
-0.14100732282923897
-0.15153643300363429
-0.1463956807099842
-0.14986477344036675
-0.1590240825911184
-0.15102852189127702
-0.14897762817038143
-0.15197485948494718
-0.16009992342777102
-0.1575383895507672
-0.16052790960755653
-0.16830940849684725
-0.1651676504901779
-0.1682614387775369
-0.05903655859523331
-0.06505941110625714
-0.06625298903109415
-0.14561479042538925
-0.14874411635872753
-0.15218061081069126
-0.10999427027373139
-0.11502431735651168
-0.1185317123671024
-0.13663960569305209
-0.13914740622378355
-0.14206217387677003
-0.06947977961887383
-0.07382802049573443
-0.07662221695748896
-0.12842796523295935
-0.13030311613902582
-0.13321954010785403
-0.11211908624785165
-0.11121016473880509
-0.11763674908869068
-0.0977772440424941
-0.09588307311854478
-0.10070954950368478
-0.16865397396220763
-0.16635046891392555
-0.1678579697980278
-0.0708767299197127
-0.0704673957953808
-0.06714842029434273
-0.07459304035522528
-0.07550282915043457
-0.07416531215292088
-0.1598242570723038
-0.15797401226640662
-0.15853434536713712
-0.07861754322314403
-0.07996826545399982
-0.07772203849369008
-0.15130024150100355
-0.1498207410813875
-0.1490227820315606
-0.057264110246934986
-0.05649617921350623
-0.05101421798488416
-0.050404458877951
-0.049390732906616455
-0.04549032438756393
-0.04343796572284466
-0.04256024167682085
-0.039711550614240566
-0.1282596396722511
-0.12817910171487049
-0.11567645059508044
-0.08093298380289105
-0.07980028981192214
-0.07284282707164082
-0.11801659298625646
-0.11783530089906555
-0.10624893698993225
-0.0674544945299356
-0.06500660668581261
-0.04043994465923689
-0.10934434686869497
-0.10838011365318058
-0.09796334306498011
-0.03788704712611126
-0.03686200417572086
-0.0361942338763299
-0.09993310429213421
-0.09986182597549387
-0.0894485513681389
-0.07467911884039317
-0.07584943438855193
-0.06662047584791256
-0.05396682955939407
-0.05471417707616484
-0.04573074622440876
-0.060425313168209045
-0.05871356031696584
-0.05362719677467787
-0.09167219794815837
-0.09118310177770739
-0.08198487993662859
-0.12101215611539495
-0.12442572467221655
-0.13383796856349134
-0.1436489625851199
-0.14208903110592908
-0.1447187113441787
-0.11505458619489697
-0.11785867811544908
-0.127582022445262
-0.138495813731045
-0.13669910802191018
-0.1410985148372373
-0.04551685745672618
-0.05013973197344088
-0.05135160127610742
-0.11914546930122401
-0.12087505949522578
-0.12390156799532852
-0.08745033566736103
-0.09185712687046996
-0.09403528715839457
-0.11211183485214658
-0.11423124465278978
-0.11608481226463188
-0.05356580625823249
-0.05660087837337219
-0.05882093575243128
-0.1059284881250524
-0.10733202574179812
-0.10929146506338791
-0.0852312167170779
-0.08247118311597201
-0.08436903321421566
-0.08147387217474579
-0.08233319084001489
-0.07960477465034725
-0.1432783203129212
-0.1421037693798863
-0.14081039297095307
-0.08363936377578658
-0.08357788108480801
-0.07908938255371688
-0.1362693571229542
-0.13561605665448503
-0.1331940275757459
-0.08391009057303762
-0.08271058834576153
-0.0758094973044871
-0.1299392696127542
-0.12919718455226117
-0.12467324587601344
-0.050867038694379564
-0.04888297846196212
-0.026073295151984918
-0.08496868703271122
-0.08414857377149913
-0.0764821824498739
-0.032006394649299316
-0.03165217259126678
-0.03507583214004872
-0.07792011605172276
-0.0769719329540848
-0.06950852302647569
-0.045731309793038126
-0.04400160940736168
-0.038278518450570204
-0.07219732255714148
-0.07167576015029972
-0.0634606086019804
-0.03927178493434292
-0.03799329487686822
-0.015929416048216294
-0.06703513913091246
-0.06718356899368451
-0.058495295974799
-0.03900501026236345
-0.038268254868233396
-0.028537479367411373
-0.10876945297937717
-0.11082402719973358
-0.12080991892329068
-0.13280969967211664
-0.1313693149966293
-0.13607446755055497
-0.10267681649444069
-0.10374534809234583
-0.11350227117391322
-0.1276220955371901
-0.12610681959765785
-0.1321157465424167
-0.09638900746604018
-0.09706362539874011
-0.10630393437490346
-0.12311577500530987
-0.12114789110743276
-0.12841011600037294
-0.08936794261620537
-0.08978316530523484
-0.09912062973703514
-0.11820935156034745
-0.11611899732094527
-0.12382238990878763
-0.08154575575090353
-0.08228416014284085
-0.09161258390321145
-0.1137914873942792
-0.11145488712502044
-0.11846654659807228
-0.0288414089441423
-0.026335832015710235
-0.024701760171752456
-0.03743431206069363
-0.04072819846044508
-0.04147912412141635
-0.09977235182245821
-0.1010063655181412
-0.10259417937284328
-0.07113449779546877
-0.07485788994535895
-0.07665922422178958
-0.09476623209404603
-0.09534138102365708
-0.0968287429547459
-0.04235624662063758
-0.0444355408282261
-0.047184010298679406
-0.08987236286244565
-0.09024054163866961
-0.09125660675354463
-0.031943032127024935
-0.03333387702566531
-0.03388255834976395
-0.08480866071377335
-0.08523591654621107
-0.08561301972514677
-0.05751520563807901
-0.062069849230715554
-0.062123887002876986
-0.08020107807829052
-0.0806907372602065
-0.08079605645487334
-0.07268269827785893
-0.06985247562738779
-0.07130074353786993
-0.0840350546091391
-0.08207054412705972
-0.07439151666406432
-0.12499615660785658
-0.12396854495275082
-0.11868991004168564
-0.08362855718845973
-0.08024458398888727
-0.07333484399144827
-0.12036176757804903
-0.11919186841623865
-0.11321262601938922
-0.08361712306895679
-0.07909884236972346
-0.07206469822175127
-0.11672948534956266
-0.11532834878176142
-0.10894559375389774
-0.08225108697082602
-0.07812325172855972
-0.07203259722646783
-0.11386350700561088
-0.11174364158978523
-0.10493355955128428
-0.0793222476883571
-0.07524999029007191
-0.06787107220591233
-0.11007202477761216
-0.10805561904395405
-0.10137121785748818
-0.027445399563645514
-0.027203666452018885
-0.033385040092387144
-0.035907543794877775
-0.03469403868948482
-0.03016532457783128
-0.057795691933259855
-0.05766406282779212
-0.05238605169109856
-0.06180473355208868
-0.06207653880119309
-0.05534830280161557
-0.03166548515345271
-0.030467455965336086
-0.012565425121661315
-0.054005026773781814
-0.05354210851951569
-0.04903379552787574
-0.024053718477653245
-0.023393587804125218
-0.03108138188590757
-0.04979983636815833
-0.04992032890120572
-0.0459737872351715
-0.02837144627403167
-0.02894297841506437
-0.01711830899277678
-0.028404840834045708
-0.027861749351556313
-0.024579475600055238
-0.04670506838794949
-0.0467602335242573
-0.043501532410102364
-0.02076682297579579
-0.021643625115558285
-0.011562886350797667
-0.026106680885953328
-0.02542968684694475
-0.011044258944773275
-0.04307210761600169
-0.04369025842648147
-0.04014170901622555
-0.032245731643375936
-0.029170726982179384
-0.026853962694860713
-0.06180444813817521
-0.05970834410238704
-0.06026851060909622
-0.07782755134287292
-0.07344352792457987
-0.06702394560206269
-0.10712439900842102
-0.10440637328038824
-0.09808866431956557
-0.07190096920559064
-0.07388960774332387
-0.08354465552708067
-0.10856191326170048
-0.1067668733139386
-0.11348333031479324
-0.03666094405610996
-0.03287726557061461
-0.029938674787712182
-0.06210212392944023
-0.06421703376207803
-0.07590098900072784
-0.10372314235331537
-0.10227670135008186
-0.10799441799854433
-0.04734871131450955
-0.0453127183455419
-0.03500178204586496
-0.04162101842387532
-0.03805966758800368
-0.032093428997815976
-0.09874342672920688
-0.09815990636106758
-0.10227752812382454
-0.02664533541932058
-0.024123088867271915
-0.023530461509667512
-0.024661499184785222
-0.022374117782319868
-0.0220495251062373
-0.023631734298577397
-0.02048349107829815
-0.020169518732956433
-0.03389371051710777
-0.034766975812483406
-0.03738620971963795
-0.0760376969075928
-0.07645560076589741
-0.0762866919864503
-0.04749953599714505
-0.052584797814679084
-0.051697346067436034
-0.026897972412914632
-0.027042607790005436
-0.02765629227930373
-0.07194284605330722
-0.07313524811630104
-0.07278700472094607
-0.06919273121327905
-0.06971432128583184
-0.06903013503051429
-0.027515164170920207
-0.02793163630872617
-0.030289377267350964
-0.06628615125957385
-0.0667709928301202
-0.06578258846800558
-0.05236940530467177
-0.05176733349136805
-0.05109711760811508
-0.07547853120192888
-0.07255824109685063
-0.06970380303849584
-0.10428172389531003
-0.10145278758370321
-0.09547110157141563
-0.07809248612434312
-0.0730093869836837
-0.07019236981034437
-0.10142299422101454
-0.09863759261487305
-0.0919990271024201
-0.0777061672992344
-0.07680131544208935
-0.07520872005465094
-0.09829998582329194
-0.09565686847466359
-0.09059808172964492
-0.020761825608899536
-0.01994570809889412
-0.028380593338410552
-0.039931046277626114
-0.040333169937809395
-0.038035684160624805
-0.021286111740415177
-0.021383367168149574
-0.01899381547555771
-0.03631660282847158
-0.03693587298047189
-0.03518397731064156
-0.021287447166253314
-0.020407962595462202
-0.008823276002923276
-0.034022082817638896
-0.03438382507906552
-0.03177425401674292
-0.016759570721933428
-0.016161031042309985
-0.02442727985859991
-0.030934663247449947
-0.030661084431838084
-0.029259576360644263
-0.05139471541469749
-0.0528471880155256
-0.06727574607795911
-0.05127207370510696
-0.050287757481331984
-0.03861119997166007
-0.09279775806491511
-0.09301769263239819
-0.09709649747634237
-0.041525684359808156
-0.04272993515106629
-0.05848529750468216
-0.053435811488045416
-0.052515835162329494
-0.04213556544460098
-0.08738138933789157
-0.0876907027901367
-0.092941833978966
-0.05488141814595349
-0.053868024258146414
-0.04582953078464536
-0.08285313575540744
-0.08322431239056104
-0.08886096280375685
-0.02268587244021167
-0.018620888029491002
-0.018672169451996318
-0.015440090744069193
-0.01657241819012948
-0.007175919909744783
-0.03380816130237562
-0.03514300396994974
-0.050806268534364755
-0.056154942089234314
-0.05613056794954623
-0.04876866307843522
-0.07874637700978421
-0.07951215810582424
-0.0850120159775132
-0.05824967903282788
-0.05757524442054849
-0.05161664644963378
-0.07597428615408038
-0.07658776908038688
-0.08080771938276718
-0.059827556239246404
-0.05922007693530061
-0.053758526847944826
-0.07349997608049906
-0.074259227001875
-0.07711624071123119
-0.02169319521613401
-0.01712952347115269
-0.017332788963078237
-0.040248583995535374
-0.04564649951529289
-0.0445602036234332
-0.023620946085424366
-0.022463618000692312
-0.022859466935769318
-0.06300586991878682
-0.06341324383103805
-0.06252128124953532
-0.060720325702835296
-0.06105828394150714
-0.06029112563480103
-0.021170678298624408
-0.022989931937221177
-0.02462545505197633
-0.05767588095658456
-0.05880873126846131
-0.05702627284412219
-0.020218793352284326
-0.018904548576688402
-0.019576929739308614
-0.05447223115250422
-0.0562011240071589
-0.05456926929249458
-0.03338214502339395
-0.03979837297977967
-0.03808528713917576
-0.05295746176873168
-0.05352681185960672
-0.051946903779116975
-0.044839218160089206
-0.04595732665600903
-0.04467869015810117
-0.03931906049721204
-0.04092488748380421
-0.039601660136935404
-0.07714009005167205
-0.07842278027539729
-0.07820386140099404
-0.09563427111892195
-0.09296446445599067
-0.08893137357756829
-0.07711739596400326
-0.07774262078442526
-0.08021965627473844
-0.0931943117729003
-0.09050925239801676
-0.08760812858749728
-0.07746588654425754
-0.07526276582348453
-0.08048450208247657
-0.0905930542688197
-0.08794951169147268
-0.08566896508247593
-0.07380959498819833
-0.07154214734911594
-0.0765213835556767
-0.08744357929148673
-0.08541112320474513
-0.08325741072673237
-0.06844807426509543
-0.06691336986944849
-0.07266973892820602
-0.08398114554587591
-0.08262123176483727
-0.08115699140547414
-0.015533071280780597
-0.01570786189538874
-0.008487252477268066
-0.013733441198560839
-0.013868975855629143
-0.006736027171055616
-0.012334428263481972
-0.012556909010994646
-0.004861020571997312
-0.01164046160323277
-0.011394242313486824
-0.0055862433940437285
-0.010752984061828258
-0.010666006493302453
-0.0074634536607576275
-0.016027560413867745
-0.015683869545930963
-0.015317526916478304
-0.02850352770115795
-0.028299293937677467
-0.02692226431444838
-0.017203901093101808
-0.01637922044800517
-0.006349674976517636
-0.026168463309456356
-0.026206124625168532
-0.02372106949650981
-0.00799326494687546
-0.008492068199793375
0.00018307206477732836
-0.011063481061034249
-0.011744603717364382
-0.003217594862165861
-0.02395100139321255
-0.023739048402440083
-0.020740211581499975
-0.027646061149371643
-0.029093325160656863
-0.04303143201911152
-0.06079062848583911
-0.060941782784250054
-0.05648550074223416
-0.071038622251323
-0.07213584909118037
-0.07454298757078176
-0.06119528432815936
-0.06169348589438435
-0.05848464704322827
-0.06927461334986947
-0.0703454476475027
-0.07118171626664024
-0.06091803002023259
-0.06182782397315408
-0.05955120712392391
-0.06720730796735694
-0.06858060781613731
-0.06889380260230758
-0.06269009532818139
-0.06216565767630696
-0.06611010802298958
-0.07997781493403426
-0.08005451002096292
-0.07887335830812255
-0.01728771960585306
-0.01788885234465592
-0.012763250285133032
-0.020471741707299755
-0.01541178442621426
-0.015730922011367793
-0.015712449085544963
-0.018484006881566782
-0.02042417225428789
-0.049063574353420354
-0.05103593928370452
-0.049740529359281305
-0.05878195936905597
-0.058546433978122606
-0.06071107910755485
-0.07727169535162012
-0.07750634693726122
-0.07674466479575441
-0.019352305372040857
-0.02025771680977647
-0.01980742970373262
-0.07311542160882141
-0.07451925949083255
-0.07386114123476599
-0.018489735982564287
-0.018959912959138486
-0.016033585688199774
-0.00982402168074465
-0.009946978105163018
-0.009007877547906445
-0.009011486520929842
-0.009053139855352355
-0.009598711200187578
-0.01718300000498745
-0.015667492227540658
-0.016504564843754427
-0.046910281514056344
-0.04925408211632302
-0.04770049047505495
-0.03423408693220749
-0.037296575430470526
-0.03499233955318593
-0.05376311623678057
-0.05426154268105599
-0.05405371153103354
-0.02037455206528565
-0.022064966219994573
-0.022197071367712838
-0.06987114276421984
-0.07128774333707491
-0.07113168730720332
-0.013945402175459623
-0.013503015458925233
-0.020349814497953454
-0.011782085775695554
-0.01172667501793503
-0.010079460787385133
-0.02179114371436716
-0.021388997021135524
-0.01880239813610765
-0.016965426730048326
-0.01826057157953674
-0.02913821990772061
-0.022185341396814454
-0.022962817970119325
-0.03614905293027476
-0.05993502183582235
-0.06111469471684524
-0.060080162318419734
-0.06577193070888779
-0.06696637274008065
-0.06671394197421743
-0.05902690146700675
-0.060007938966655565
-0.06000810614852561
-0.06417250349849409
-0.0653472479675385
-0.06446835254131499
-0.05749417065838152
-0.05867101512981356
-0.060084712590355534
-0.06264916815749103
-0.06381868217886584
-0.06273629596222811
-0.055871916126511094
-0.05695041252557763
-0.058872341579301914
-0.061583486611906886
-0.06219496535397615
-0.06166261777390908
-0.053511257182695275
-0.05534642735652482
-0.056509802419448495
-0.06035275682985633
-0.06095038406014245
-0.06106392063892468
-0.05123156633015407
-0.052809190401922265
-0.05476029222262531
-0.059185221544468
-0.059114188695710314
-0.06055271000587695
-0.04809916943527025
-0.05013497104277741
-0.05178314305493066
-0.05755076435042161
-0.05738728956898847
-0.05944585026580495
-0.019575316745337617
-0.013728438879827061
-0.013861616639941187
-0.017704996690620613
-0.011702203391382818
-0.012596180605469407
-0.012588174590789496
-0.015691659935831045
-0.0172446242897187
-0.04492172650782131
-0.04734132674394455
-0.044870474824764695
-0.043192390205994656
-0.045707923262585694
-0.04320727795642619
-0.015508273003248906
-0.009869320302408802
-0.010505394324075285
-0.014404188082513081
-0.01297602488355095
-0.013928710429671575
-0.04151525298389713
-0.04267993934938428
-0.04118496870749408
-0.04109183507023796
-0.04101286937439121
-0.0391270498954752
-0.011892054824787434
-0.01023922436882516
-0.010933508607762365
-0.010948740286691653
-0.012574063162138861
-0.014458252264604404
-0.03923855783977507
-0.039274338493794615
-0.03763271491453448
-0.03688964347746856
-0.03767284463588574
-0.03661249813868855
-0.013858017789183615
-0.007510559495588871
-0.008291949879590513
-0.033999871475016735
-0.03532423744735403
-0.03438143097805984
-0.02721672981720065
-0.03563912335256176
-0.03227429421929531
-0.025583562066989182
-0.031143549071982444
-0.028621655571399913
-0.020141853685833155
-0.027813677951765155
-0.026089481098469314
-0.008603914196518986
-0.010246945636276015
-0.011951883158156831
-0.03323898233889084
-0.03369966088638404
-0.03237208189166154
-0.029695990848145233
-0.03358658988878239
-0.03119592563130052
-0.02711106490138414
-0.029703914465833363
-0.027256258277822534
-0.049496590698934244
-0.04922277711708034
-0.048934615939490764
-0.04442178420111222
-0.044426149074637815
-0.043533563811959
-0.04072538851363114
-0.04025960628732378
-0.038584552781039005
-0.06665015420745615
-0.06773248757638882
-0.06788935300980692
-0.06342364614433872
-0.06430059148298982
-0.06487834966510259
-0.03665341093325562
-0.03659764147365344
-0.034427925446481045
-0.024046889609527437
-0.0247198631415071
-0.027056351642921573
-0.06057444504963325
-0.061489971668603746
-0.06132462553346871
-0.05824942518711606
-0.05893440350832535
-0.05901101809279975
-0.02306513742320976
-0.02414123891724777
-0.026745103686708363
-0.056086893521200415
-0.05641127806542647
-0.05617857119071928
-0.023921034116377533
-0.02489233019495033
-0.026896700086987718
-0.023408756461195803
-0.023924642485876148
-0.025146708767700126
-0.023196122748884163
-0.023481636037646247
-0.026009198189622558
-0.053900459219970685
-0.0535883070309487
-0.052112305320163275
-0.05193180550256907
-0.051103331020392044
-0.050400662321357835
-0.022698257630707555
-0.02404098519566612
-0.026293796884063685
-0.022516542415055664
-0.023813931348896894
-0.02502020429836197
-0.04935860365021012
-0.04876383890209812
-0.0472562398977141
-0.02222837000634394
-0.023306338501751046
-0.024355789197848168
-0.02379962347807216
-0.024470450951065762
-0.02506383215254347
-0.04715126007131472
-0.04655600407140682
-0.044797938577492334
-0.02367166179695035
-0.025222809614595644
-0.02804576903036869
-0.04514213785322086
-0.04429576605754162
-0.04214819406228749
-0.02492428721437311
-0.026332224786221707
-0.028629315320707616
-0.04360742357240136
-0.04245646741899967
-0.0401721246520963
-0.011058916149385957
-0.01025004206822768
-0.015615356813018177
-0.013662273008200203
-0.012601896444584239
-0.005197680323858668
-0.01823505010769577
-0.01715017018100719
-0.013321276430035753
-0.020293845711981298
-0.019503490419248048
-0.01695632249669321
-0.0092391748926378
-0.008562918261644422
-0.0071638086717706355
-0.016638699548119557
-0.015344062343653559
-0.01186357920727288
-0.010566147611075298
-0.009717778446177279
-0.001847402598536949
-0.014986892696679395
-0.01407599394515165
-0.009618808541948605
-0.008799487256718514
-0.00782171149752033
-0.011482202166043747
-0.013749443767732497
-0.012280498935765789
-0.007926201686806189
-0.005909807182330868
-0.00576730248128241
0.0024347456127473254
-0.012734635651385556
-0.013975862483603285
-0.02295097801381986
-0.04555881075624708
-0.047608307563412555
-0.05019459402414873
-0.05652380833653199
-0.05582613280280638
-0.05853827912155089
-0.04208045980629662
-0.04455087083152531
-0.04714368187222784
-0.054888465915483374
-0.0542193328038793
-0.056452336447174054
-0.038686003999136895
-0.040899854972241474
-0.04266696132745796
-0.05320319091024735
-0.05273783748040734
-0.05374629485683295
-0.034163226720890665
-0.036179075342583376
-0.03905087632788877
-0.05128069589605886
-0.050949539857974055
-0.05108498927351687
-0.02940275288700546
-0.030988796460324427
-0.034378194703372
-0.04909588021659479
-0.04905528904202711
-0.04809096606566565
-0.019693127329589416
-0.018066492581702693
-0.013712771362293716
-0.01711746917516818
-0.01477046451539065
-0.012034112945628204
-0.014517186911110385
-0.011837982508165827
-0.011079333529375101
-0.012808006109186651
-0.009668461972354008
-0.00930865457494627
-0.010964997580284823
-0.008217825239393824
-0.008343685097402163
-0.009451594915151325
-0.007252318526211095
-0.0076627072108742846
-0.008827880969669237
-0.00784463701193455
-0.00842954488660386
-0.031096049741137045
-0.03209306810855126
-0.031213744065848342
-0.02499758865268116
-0.027433620267060595
-0.02567898953092618
-0.03420253557758852
-0.034214540366818286
-0.03195466644987819
-0.033021756097990566
-0.032270039148178754
-0.02943346750401093
-0.02814493866395807
-0.03132131200019058
-0.029832677857092395
-0.04184821907716344
-0.04036886779973287
-0.03836760702124689
-0.03207364492622465
-0.035065014689076884
-0.035133636620313685
-0.04103933482285901
-0.039023014493176626
-0.0366942073841995
-0.034477674991607817
-0.03691099788500308
-0.03398926152455046
-0.04007798229285347
-0.03805118362235359
-0.03463446100574186
-0.03361684432565937
-0.03143225299678866
-0.0337945056795666
-0.03509390726938665
-0.032075824813090396
-0.0328326065806273
-0.026478466397544236
-0.023525951278226175
-0.02833355122741555
-0.027117019016904352
-0.02476387969592086
-0.028828431241700314
-0.014005823979632251
-0.01497660909463986
-0.01706169886174103
-0.015187389349284566
-0.01621598847722297
-0.01873422914197504
-0.0011815653696523184
-0.0012393793825831141
-0.0016725302802340135
-0.0006385526193601181
-0.0012379284176946873
-0.0004948800142847646
-0.0003641679789512669
-0.0006435718163017329
0.0009618990989392968
-0.0002934870359561014
-0.00012259133958726913
0.0003973812364759834
-0.007940897665707821
-0.006304998293788109
-0.006936965498997724
-0.008027874492945133
-0.007888001057226866
-0.009615351133844981
-0.007028678894080322
-0.006714414259191546
-0.008280519538258408
-0.0042087310962425845
-0.0036006736584283405
0.003358824419051442
-0.00896456221635456
-0.009826904177163337
-0.017371394519992187
-0.022260180537057677
-0.021214376391982953
-0.01588359802376783
-0.04700936145694101
-0.0466924784681318
-0.044428687370061774
-0.006790727728177218
-0.005545394523119743
-0.005488043673826318
-0.005490575457229276
-0.005090983479760589
-0.0044725568203312855
-0.004568451511064839
-0.004624816154575768
-0.0035385447507764014
-0.00348344655996934
-0.0035487601830613827
-0.0029673502881349145
-0.005752188436573978
-0.005372008486821368
-0.007821156120649634
-0.004501355133400816
-0.003916475395392006
-0.005644704046993905
-0.003416371432460732
-0.0026429165232553895
-0.005684969900845731
-0.012136692257342643
-0.011077772321430347
-0.007105039651829239
-0.006385305779504952
-0.005739309332114032
-0.009840281992012185
-0.006867178502484429
-0.006450358013766246
-0.0030948125545486762
-0.007981316726964829
-0.006805679791509874
-0.0014032269311202257
-0.010014633883137208
-0.008878759022242833
-0.004887393643817913
-0.010958803090929864
-0.00976908995768002
-0.0056862460343877624
-0.004898562164090934
-0.004146997158035141
-0.007572598530248036
-0.002499123457381799
-0.0016507089968807163
-0.004885442474754724
-0.0060177922259999584
-0.005008344242992769
-0.0007211254314641383
-0.006837110077256929
-0.005776837868064605
-0.0010358997344450268
-0.007679947697517972
-0.006798893060814336
-0.0022140215361187146
-0.00873902282160622
-0.00801953427125308
-0.00372191748078596
-0.0016420415015054055
-0.0009731133418868765
-0.00469673324068554
-0.00581351476171357
-0.004874697495935644
-0.0006545536584628896
-0.003299720170322054
-0.0029143239430293928
-0.005188072107419913
-0.00118996087962736
-0.0005292695504906628
-0.004185058413424901
-0.005148743671916262
-0.004816827767021053
-0.0006953794767662545
-0.004289502841419079
-0.0036244179769025445
-0.0004663822611683897
-0.0036819786717136108
-0.00255969880981472
0.0028110719493401226
-0.004243331423912441
-0.0034481069055892553
0.0012639740749709756
-0.004876048829463725
-0.004147268871379119
0.0004205791177353414
-0.0023932734780663777
-0.0019709214135595204
0.005164042630133078
-0.003666191570749916
-0.0035004753017666914
0.002080811804965912
-0.0016021881151148678
-0.0012632492378421658
-0.00017363334732735088
-0.00288428804723414
-0.001818998298689232
0.002498556117682765
-0.002357543211050523
-0.0014827911148123942
0.004982043712693094
-0.0031052830754006106
-0.0019725676473271946
0.004180836743406735
-0.0015481840152833464
-0.0007686623671908162
0.008039074673253994
-0.0018087720577789532
-0.0010395044454998385
0.005031547259340258
-0.0010398689439515864
-0.0006449384681850466
0.005712539780620614
-0.001090640862935408
-0.0007035006486829698
0.006646465234970714
-0.0019051571101833058
-0.0014929763156625272
0.006412288185623088
-0.0032968338528578034
-0.002802627841700867
0.004870140036019973
-0.0007553550959356564
-0.00021954187697022847
0.0051556770600204496
-0.0009436112535903877
-0.0005337829625598627
0.006452046182390898
-0.006631572703781098
-0.006901593974663789
-0.011758642172834384
-0.0016621554715180154
-0.0017905488178215712
-0.0014928961046545984
-0.002977486363965037
-0.0029634101661701424
-0.0042830191032675454
-0.004420745085604094
-0.004358215498974369
-0.0077714059434116755
-0.0196064231767166
-0.021075299147254596
-0.022771439767907086
-0.02474918091988344
-0.025478102076148812
-0.02854508934629397
-0.04402262858257392
-0.043986583861219855
-0.04115144770866349
-0.009288741032973901
-0.009845344317348586
-0.009323345609859873
-0.012064126457637464
-0.013023046033144317
-0.01321284956536112
-0.015713028702274996
-0.01700814424963559
-0.017718636490652823
-0.03538597535383861
-0.035774980082502
-0.03291977139138451
-0.03840481158599546
-0.03825683737749586
-0.035639997048971285
-0.041518628912334106
-0.04145230514815141
-0.03855142707667608
-0.005447288393209876
-0.005901010132554949
-0.003324217859711647
-0.00700261659511122
-0.007664504755095434
-0.006574810701239173
-0.031123098098376715
-0.03140243169944376
-0.02710930220812344
-0.033079906696837344
-0.03330024790162506
-0.030087460375289962
-0.024036097469144174
-0.023553941499847384
-0.02257121101840671
-0.024604273023479045
-0.0241196688619261
-0.02345118736034226
-0.0042568695020976394
-0.004290313516379115
-0.0009017812280727525
-0.025920530452465285
-0.025538439284256097
-0.020896468214841583
-0.02750244254556001
-0.026984337548543232
-0.022506253848850674
-0.02886066450866094
-0.028822957928839883
-0.02469924814604209
-0.022841653708921474
-0.023182879184537465
-0.021734232846483407
-0.02343500318343367
-0.02302885610693495
-0.021664523607163942
-0.024603795006563272
-0.02453264441246073
-0.02379746691796931
-0.02341279873452978
-0.02360872638336107
-0.01983301924605725
-0.024545509743754104
-0.02458085361428627
-0.019805619136428955
-0.021567270879794875
-0.02181412130144397
-0.0190938272020738
-0.022463195194405424
-0.02239381219473402
-0.02115791249213725
-0.02206349416187181
-0.021948827330621697
-0.019727170969341627
-0.02276759498872851
-0.022588633710785084
-0.01977784704304645
-0.01891679717002801
-0.01925120276989004
-0.01827687106331408
-0.020517445546793238
-0.020796382399264852
-0.018946972291655786
-0.025675809705166832
-0.02550142156688876
-0.023785084348411766
-0.01986271073666678
-0.020134054664287176
-0.019526094244665178
-0.021051037170382845
-0.021366205354573856
-0.019793516933986472
-0.016395051997087677
-0.01704739732650105
-0.016761988369763982
-0.01781924045561401
-0.018162320116609926
-0.017781524989383922
-0.018388691834457346
-0.01875931420654045
-0.01842200883224111
-0.019166255568691754
-0.019375842253108184
-0.019340113554765274
-0.013230459048345512
-0.013620474446468238
-0.012926461275647559
-0.01492908635151233
-0.015398800610835867
-0.015203502249503082
-0.016329213801038613
-0.016383176412610556
-0.015104245414366774
-0.017427632367483254
-0.01762654667433644
-0.017214675021419587
-0.01697975333160043
-0.024374661943266925
-0.019889681623291897
-0.028929617616640854
-0.030233045520742068
-0.026707391377962308
-0.005885864318250729
-0.00787789437949458
-0.010028615626076496
-0.02829412456438838
-0.028014138405411712
-0.0245377765074623
-0.006852824650195446
-0.005417039507621357
-0.006935343696694251
-0.02762814285063154
-0.026423584937246926
-0.023087291095769246
-0.02226816877146778
-0.024248431096616688
-0.022784199179244468
-0.03049170275877481
-0.029663664545072552
-0.026965596552463195
-0.0001172930471978729
-9.694895615945942e-05
0.00046555209252826553
-0.00015420022351461836
-0.00011183458406034943
-0.00031931747594015275
-0.026077290101726127
-0.0256357431465296
-0.02351264967405075
-0.026097234320864738
-0.025929635765153412
-0.02359642578152461
-0.02634068512835802
-0.025233791344351563
-0.02242714748361009
-0.025805600210059162
-0.024444160898515855
-0.020832790586023206
-0.024416205405857386
-0.022911284713965276
-0.01838000794075636
-0.002859422509100483
-0.0028882678570652156
-0.0023507605525302207
-0.0018685328615203375
-0.002394568344008861
-0.0015711895349721913
-0.0014477563179290903
-0.0017503677784545507
-0.0009384270505778823
-0.0012834315491293527
-0.0013671621297669666
-0.0006860923085557592
-0.011949864285040402
-0.00585838357747513
-0.006817709754670405
-0.009982819067367553
-0.00413792222902743
-0.005423849391023359
-0.02528481439240643
-0.024101633587600656
-0.02108479541903247
-0.007638627874981268
-0.0031122974732668137
-0.00403670208365651
-0.004607323506654467
-0.0039047252770594383
-0.005188302871350559
-0.00364516943093151
-0.005907557606020092
-0.008064727475258647
-0.023087486180163867
-0.022783753319099754
-0.01970115966832831
-0.018926345082396087
-0.020479791052896337
-0.01739624896323901
-0.016964165022980305
-0.016939949214343285
-0.014825554649700676
-0.002240845588453173
-0.004328834705320952
-0.006035140217439208
-0.016196019301879378
-0.01368332810696167
-0.014345051874456977
-0.005379306432364559
-0.0018094371460925724
-0.0026084997158952487
-0.002633818570777811
-0.0024653498552211473
-0.0034436439347482303
-0.013403615414090625
-0.011373924782632347
-0.009825128061836143
-0.012062305315181855
-0.009038744105079195
-0.008654267775694642
-0.000891910631159051
-0.0012594549136325753
-0.0025588486458528585
0.00035541819653696973
-0.0025439854277396995
-0.004429683577742558
-0.0088186351129818
-0.006667999247437831
-0.0064558064341566175
-0.00863310763658067
-0.005135132600923518
-0.005822907161669641
-0.015301995325038837
-0.019963711358573208
-0.01566094602800909
-0.00932553714799904
-0.013827651741076474
-0.010788852566044168
-0.003080612285670489
-0.0007541700644235872
-0.0013324403498855657
-0.005384624145949447
-0.004560526388645183
-0.00391633039732518
-0.006682998882817312
-0.007229306958986626
-0.006045768059799397
-0.0023040118602789595
-0.003806356324221596
-0.002583890047439613
-0.020775318200436092
-0.021006545429625552
-0.016151947399074974
-0.014319021575741607
-0.016575065775836888
-0.012207946091888446
-0.010769796843312827
-0.0089085749274112
-0.006381484127087918
-0.02873568275368483
-0.02762169498274581
-0.024391464131735326
-0.026842061235154382
-0.02494990755320123
-0.02223603559935218
-0.0005865459880446432
-0.0005228508944765727
0.000886961378903736
-0.01014255510901325
-0.009769425649497534
-0.009344424132926854
-0.011640456934845346
-0.01185700113616028
-0.01110670229331541
-0.014253009689235343
-0.014025594832781998
-0.012252401564342626
-0.015238708117488096
-0.015367443060598713
-0.013446322460029645
-0.006908711140060005
-0.007051505494584616
-0.0058952115190158486
-0.00807922760662889
-0.008285644723608071
-0.007523571267400265
-0.011414518431158231
-0.011259202772401757
-0.008874059822715906
-0.012744968084947106
-0.012858277953953811
-0.010689445171728497
-0.005987887714411482
-0.005929893934109958
-0.0048449537164518795
-0.009925397453488393
-0.009575435030634832
-0.007552824521394491
-0.003492649679300423
-0.003284512865096316
-0.002814350280661223
-0.008471944594009686
-0.00816762884661854
-0.006143869279127685
-0.002596921164094348
-0.002461178200341854
-0.002486666140441415
-0.0029873189055539865
-0.0028023414850800415
-0.0026433952876520925
-0.005708532628576649
-0.005216627872505531
-0.004101367780319889
-0.006716448830211341
-0.006617385133865794
-0.005122566200121932
-0.0023690651462449433
-0.002481872369439948
-0.002099678399116485
-0.00438139941712243
-0.0042258371131614165
-0.002673147547440354
-0.0021059361112820544
-0.002222315565097818
-0.0016372740722420075
-0.0039375097390769035
-0.003645541096524884
-0.0027078708049426167
-0.0033722628872609995
-0.0033551411965949056
-0.0017779393020069694
-0.001561615365159326
-0.0014081827596028299
-0.000849756467061057
-0.0023028407799307133
-0.0022662965394199437
-0.0006525804068749494
-0.0004918424122370493
-0.0006651455910981533
-0.00018473350271935133
-0.000970595105257037
-0.0011189848156924716
-0.0005809074928281677
-0.0005252332152197398
-0.0008020099854650907
-6.032289253942892e-05
-0.0013030893560314917
-0.0014558066641204004
-0.000498159180653895
0.0
0.0
0.0
0.0
0.0
0.0
-0.023351636593242506
-0.02208555312034105
-0.01973410642494892
-0.0045058072910982225
-0.004207697277817138
-0.0029788483037000513
-0.004665740478318215
-0.0045726332303457394
-0.003165873904328219
-0.00036469826129110447
-0.00018452543888893604
0.002809257890706408
-0.0007732106554524122
-0.00024632215748646266
0.007714227996398255
-0.00040851239416130736
-6.179671859752655e-05
0.004904970105691855
-0.001853142322397477
-0.001984497784408708
0.0016747428035651549
-0.002898169522080949
-0.0028646686866171164
0.0009449335114916106
-0.0037291299246573566
-0.0038150436487857527
-0.0024791709124698472
-0.004979294914709263
-0.004883115981522226
-0.0033295189984664706
-0.0031116114644823027
-0.002755449672163679
-0.0016147016398784762
0.0
0.0
0.0
0.0
0.0
0.0
-0.0003706968082747591
-0.00010771300042902554
0.008701849065194708
-0.0003706968082747591
-0.0001699474379133518
0.0077647413536853895
-0.0009377841898671582
-0.001063287582971149
-0.0004067358494669238
0.0011088010587313813
-0.0011002645852967977
-0.002433654265611455
-0.0043354357540287
-0.0021497226409175657
-0.0034762349832788367
-0.0014689167532197813
-7.12492086472837e-05
-0.0005234763087875468
0.00027982336301744445
-0.00032821017683315224
-0.001028202100677599
-0.004156630842646842
-0.0017005994769378346
-0.002830431019392932
-0.001825760744585738
-0.0013079851082081926
-0.0012596461126071306
0.0011415218479276714
-0.0002239146264754016
-0.0011167021669178567
2.8626883151649796e-05
-0.0002239146264754016
-0.0011167021669178567
-0.00035684399136595756
-0.001236735899560909
-0.0007361698038195839
0.0008460215720928259
-2.1473265713622426e-05
-0.0004347818604930225
5.328211101263981e-05
-0.0001513101227071074
-0.000758224288495218
-0.007741197005421622
-0.0038756776872909413
-0.003264058515816784
-0.004436454205664287
-0.0013723893001046825
-0.0018022289187153324
-0.021470476056270466
-0.01907295644294597
-0.014102425031918865
-0.018683136358028197
-0.016124242632777962
-0.011583579167656548
-0.013549080189690747
-0.008935721215481944
-0.008215611688214353
-0.00022099502816646984
-0.00015356934863796316
0.0016822806257239782
-0.0041104545802221
-0.004256169183284464
-0.0029079774314157716
-0.003598251182642759
-0.0035104419244384386
-0.002339620166714236
-0.0030987547526931
-0.002762701966142323
-0.0021777841387192135
-0.0024985460159709203
-0.00222774606350057
-0.002011172771916511
-0.0019936398373696733
-0.0017119168800393935
-0.0016600204624771578
-0.001347015113077741
-0.0012135221364982629
-0.0015585885653813481
-0.0009459135666387654
-0.0008828518943971485
-0.0012492231813510954
-0.0005335916235896044
-0.0005698229553090101
-0.0008465446423306855
-0.0004962232820769243
-0.00013470602917772288
-0.0006333437672678269
-0.000205655480303205
-0.0001353136702865232
-0.000452022283541136
-0.0003335450112548701
-3.4257835570175e-06
0.0077881234925979695
-0.00034630255986096525
-3.4257835570175e-06
0.00893267120834411
-4.410099268664496e-05
5.301377728452224e-05
0.0059320826326191255
-0.00032788085065065073
6.566005429248332e-05
0.009368132370352942
-0.00026044653354323103
6.566005429248332e-05
0.007768273293818339
-0.00026044653354323103
6.566005429248332e-05
0.007768273293818339
-0.0002837798579640058
1.2646277007961081e-05
0.003436049737733816
-5.077191898382161e-05
-5.856218049792314e-05
0.000933925454350096
-0.0005052816894582494
-0.0004011088522820764
0.00196136777725673
-0.0010911556923081604
-0.0015519975073513173
0.0018589044707350182
-0.0007412254147713869
-0.0008581137798171146
0.00019717606018610789
-0.0012663267759789446
-0.0011328256314970888
-0.00014066522976496378
-0.002012334270877487
-0.0017439647437214696
-0.0005734691483238702
-0.00033249425077445455
-0.00033682184842792937
8.274831217427263e-05
-0.000759180391204134
-0.0007519530803016895
-5.2853025413100244e-05
-0.0004060935237354617
-0.00041877218615877777
-9.429996880341776e-05
-0.0002605880424956066
-0.00027084207830902206
-0.0030075274139137196
-0.00016906355203439034
5.7568468015458936e-05
0.006596522675919261
-0.00016906355203439034
5.7568468015458936e-05
0.006596522675919261
0.0
0.0
4.076983626780687e-05
-0.0005386524554419042
1.3552951210105135e-06
-0.00016722624831085522
0.0011077946122724166
-6.980740860719835e-05
-0.0005245451890101551
0.0007736564326867422
7.367972469235441e-06
-0.0003538128941442413
0.0007736564326867422
7.367972469235441e-06
-0.0003538128941442413
0.0016464470677143212
-7.116270372820887e-05
-0.0003573189406992999
0.00039970452290249324
-9.453082934063062e-06
-0.00027346924969016555
0.0004991614181748113
-9.453082934063062e-06
-0.00027346924969016555
0.00061018911833519
-9.453082934063062e-06
-0.00014840656806504863
0.0005023564535765229
-9.453082934063062e-06
-0.00023029970895016452
-0.0007927394610801858
-0.00012983685699348495
-0.00032344242800219544
-0.00884839684943648
-0.003861050847940267
-0.00202612285641406
0.0
0.0
0.0
0.0
0.0
0.0
-3.339080298269046e-05
-0.00013686439436693743
0.00012441061017992255
0.0
-6.223443748432622e-05
-0.0009371077115093053
2.146454990718141e-05
3.471757118629704e-05
0.004591282358955817
-5.996757004194323e-05
7.354072976570443e-05
0.006015562243153841
-8.143211994912464e-05
3.882315857940739e-05
0.0014242798841980263
-6.58633361500586e-05
-2.4738346541523273e-05
-6.0154176830549315e-05
-0.00032565646008229357
-0.0002629629717578615
0.0
-3.713400569894354e-05
4.247662412500741e-05
0.0030476357744651634
-3.713400569894354e-05
4.247662412500741e-05
0.0030476357744651634
-1.2757548606095172e-05
0.0
0.0011445477157461363
0.0
0.0
0.0
0.0
0.0
0.0
-9.874431401987316e-05
-5.950784576453669e-05
0.001832087732631935
0.0
0.0
0.0
-0.00013741654747054303
-3.186365785753491e-05
0.0
-0.0001078326647586671
0.0
-8.189314088511584e-05
0.0002886299396810559
0.0
-0.00014840656806504863
0.0002886299396810559
0.0
-0.00014840656806504863
9.945689527231816e-05
0.0
0.0
-0.005306820265289539
-0.001017594397763233
-0.0010425807176673806
0.0
0.0
0.000719590670500966
0.0
0.0
0.000719590670500966
0.00012992224349499593
0.0
-6.643524311988838e-05
0.00012992224349499593
0.0
-6.643524311988838e-05
7.105934684443672e-05
0.0
-1.8224278698220433e-05
6.108506786107685e-05
0.0
-1.8224278698220433e-05
-0.0011128949647760211
0.0
0.0
-1.935086801227701e-05
0.0
0.0
-3.129066092361548e-05
0.0
0.0
-9.974278983359853e-06
0.0
0.0
0.0
0.0
0.0
0.0
0.0
0.0
0.0
0.0
0.0
0.0
0.0
0.0
0.0
0.0
0.0
0.0
0.0
0.0
0.0
0.0
0.0
0.0
0.0
0.0
0.0
0.0
0.0
0.0
0.0
0.0
0.0
0.0
0.0
0.0
0.0
0.0
0.0
0.0
0.0
0.0
0.0
0.0
0.0
0.0
0.0
0.0
0.0
0.0
0.0
0.0
0.0
0.0
0.0
0.0
0.0
0.0
0.0
0.0
0.0
0.0
0.0
0.0
0.0
0.0
0.0
0.0
0.0
0.0
0.0
0.0
0.0
0.0
0.0
0.0
0.0
0.0
0.0
0.0
0.0
0.0
0.0
0.0
0.0
0.0
0.0
0.0
0.0
0.0
0.0
0.0
0.0
0.0
0.0
0.0
0.0
0.0
0.0
0.0
0.0
0.0
0.0
0.0
0.0
0.0
0.0
0.0
0.0
0.0
0.0
0.0
0.0
0.0
0.0
0.0
0.0
0.0
0.0
0.0
0.0
0.0
0.0
0.0
0.0
0.0
0.0
0.0
0.0
0.0
0.0
0.0
0.0
0.0
0.0
0.0
0.0
0.0
0.0
0.0
0.0
0.0
0.0
0.0
0.0
0.0
0.0
0.0
0.0
0.0
0.0
0.0
0.0
0.0
0.0
0.0
0.0
0.0
0.0
0.0
0.0
0.0
0.0
0.0
0.0
0.0
0.0
0.0
0.0
0.0
0.0
0.0
0.0
0.0
0.0
0.0
0.0
0.0
0.0
0.0
0.0
0.0
0.0
0.0
0.0
0.0
0.0
0.0
0.0
0.0
0.0
0.0
0.0
0.0
0.0
0.0
0.0
0.0
0.0
0.0
0.0
0.0
0.0
0.0
0.0
0.0
0.0
0.0
0.0
0.0
0.0
0.0
0.0
0.0
0.0
0.0
0.0
0.0
0.0
0.0
0.0
0.0
0.0
0.0
0.0
0.0
0.0
0.0
0.0
0.0
0.0
0.0
0.0
0.0
0.0
0.0
0.0
0.0
0.0
0.0
0.0
0.0
0.0
0.0
0.0
0.0
0.0
0.0
0.0
0.0
0.0
0.0
0.0
0.0
0.0
0.0
0.0
0.0
0.0
0.0
0.0
0.0
0.0
0.0
0.0
0.0
0.0
0.0
0.0
0.0
0.0
0.0
0.0
0.0
0.0
0.0
0.0
0.0
0.0
0.0
0.0
0.0
0.0
0.0
0.0
0.0
0.0
0.0
0.0
0.0
0.0
0.0
0.0
0.0
0.0
0.0
0.0
0.0
0.0
0.0
0.0
0.0
0.0
0.0
0.0
0.0
0.0
0.0
0.0
0.0
0.0
0.0
0.0
0.0
0.0
0.0
0.0
0.0
0.0
0.0
0.0
0.0
0.0
0.0
0.0
0.0
0.0
0.0
0.0
0.0
0.0
0.0
0.0
0.0
0.0
0.0
0.0
0.0
0.0
0.0
0.0
0.0
0.0
0.0
0.0
0.0
0.0
0.0
0.0
0.0
0.0
0.0
0.0
0.0
0.0
0.0
0.0
0.0
0.0
0.0
0.0
0.0
0.0
0.0
0.0
0.0
0.0
0.0
0.0
0.0
0.0
0.0
0.0
0.0
0.0
0.0
0.0
0.0
0.0
0.0
0.0
0.0
0.0
0.0
0.0
0.0
0.0
0.0
0.0
0.0
0.0
0.0
0.0
0.0
0.0
0.0
0.0
0.0
0.0
0.0
0.0
0.0
0.0
0.0
0.0
0.0
0.0
0.0
0.0
0.0
0.0
0.0
0.0
0.0
0.0
0.0
0.0
0.0
0.0
0.0
0.0
0.0
0.0
0.0
0.0
0.0
0.0
0.0
0.0
0.0
0.0
0.0
0.0
0.0
0.0
0.0
0.0
0.0
0.0
0.0
0.0
0.0
0.0
0.0
0.0
0.0
0.0
0.0
0.0
0.0
0.0
0.0
0.0
0.0
0.0
0.0
0.0
0.0
0.0
0.0
0.0
0.0
0.0
0.0
0.0
0.0
0.0
0.0
0.0
0.0
0.0
0.0
0.0
0.0
0.0
0.0
0.0
0.0
0.0
0.0
0.0
0.0
0.0
0.0
0.0
0.0
0.0
0.0
0.0
0.0
0.0
0.0
0.0
0.0
0.0
0.0
0.0
0.0
0.0
0.0
0.0
0.0
0.0
0.0
0.0
0.0
0.0
0.0
0.0
0.0
0.0
0.0
0.0
0.0
0.0
0.0
0.0
0.0
0.0
0.0
0.0
0.0
0.0
0.0
0.0
0.0
0.0
0.0
0.0
0.0
0.0
0.0
0.0
0.0
0.0
0.0
0.0
0.0
0.0
0.0
0.0
0.0
0.0
0.0
0.0
0.0
0.0
0.0
0.0
0.0
0.0
0.0
0.0
0.0
0.0
0.0
0.0
0.0
0.0
0.0
0.0
0.0
0.0
0.0
0.0
0.0
0.0
0.0
0.0
0.0
0.0
0.0
0.0
0.0
0.0
0.0
0.0
0.0
0.0
0.0
0.0
0.0
0.0
0.0
0.0
0.0
0.0
0.0
0.0
0.0
0.0
0.0
0.0
0.0
0.0
0.0
0.0
0.0
0.0
0.0
0.0
0.0
0.0
0.0
0.0
0.0
0.0
0.0
0.0
0.0
0.0
0.0
0.0
0.0
0.0
0.0
0.0
0.0
0.0
0.0
0.0
0.0
0.0
0.0
0.0
0.0
0.0
0.0
0.0
0.0
0.0
0.0
0.0
0.0
0.0
0.0
0.0
0.0
0.0
0.0
0.0
0.0
0.0
0.0
0.0
0.0
0.0
0.0
0.0
0.0
0.0
0.0
0.0
0.0
0.0
0.0
0.0
0.0
0.0
0.0
0.0
0.0
0.0
0.0
0.0
0.0
0.0
0.0
0.0
0.0
0.0
0.0
0.0
0.0
0.0
0.0
0.0
0.0
0.0
0.0
0.0
0.0
0.0
0.0
0.0
0.0
0.0
0.0
0.0
0.0
0.0
0.0
0.0
0.0
0.0
0.0
0.0
0.0
0.0
0.0
0.0
0.0
0.0
0.0
0.0
0.0
0.0
0.0
0.0
0.0
0.0
0.0
0.0
0.0
0.0
0.0
0.0
0.0
0.0
0.0
0.0
0.0
0.0
0.0
0.0
0.0
0.0
0.0
0.0
0.0
0.0
0.0
0.0
0.0
0.0
0.0
0.0
0.0
0.0
0.0
0.0
0.0
0.0
0.0
0.0
0.0
0.0
0.0
0.0
0.0
0.0
0.0
0.0
0.0
0.0
0.0
0.0
0.0
0.0
0.0
0.0
0.0
0.0
0.0
0.0
0.0
0.0
0.0
0.0
0.0
0.0
0.0
0.0
0.0
0.0
0.0
0.0
0.0
0.0
0.0
0.0
0.0
0.0
0.0
0.0
0.0
0.0
0.0
0.0
0.0
0.0
0.0
0.0
0.0
0.0
0.0
0.0
0.0
0.0
0.0
0.0
0.0
0.0
0.0
0.0
0.0
0.0
0.0
0.0
0.0
0.0
0.0
0.0
0.0
0.0
0.0
0.0
0.0
0.0
0.0
0.0
0.0
0.0
0.0
0.0
0.0
0.0
0.0
0.0
0.0
0.0
0.0
0.0
0.0
0.0
0.0
0.0
0.0
0.0
0.0
0.0
0.0
0.0
0.0
0.0
0.0
0.0
0.0
0.0
0.0
0.0
0.0
0.0
0.0
0.0
0.0
0.0
0.0
0.0
0.0
0.0
0.0
0.0
0.0
0.0
0.0
0.0
0.0
0.0
0.0
0.0
0.0
0.0
0.0
0.0
0.0
0.0
0.0
0.0
0.0
0.0
0.0
0.0
0.0
0.0
0.0
0.0
0.0
0.0
0.0
0.0
0.0
0.0
0.0
0.0
0.0
0.0
0.0
0.0
0.0
0.0
0.0
0.0
0.0
0.0
0.0
0.0
0.0
0.0
0.0
0.0
0.0
0.0
0.0
0.0
0.0
0.0
0.0
0.0
0.0
0.0
0.0
0.0
0.0
0.0
0.0
0.0
0.0
0.0
0.0
0.0
0.0
0.0
0.0
0.0
0.0
0.0
0.0
0.0
0.0
0.0
0.0
0.0
0.0
0.0
0.0
0.0
0.0
0.0
0.0
0.0
0.0
0.0
0.0
0.0
0.0
0.0
0.0
0.0
0.0
0.0
0.0
0.0
0.0
0.0
0.0
0.0
0.0
0.0
0.0
0.0
0.0
0.0
0.0
0.0
0.0
0.0
0.0
0.0
0.0
0.0
0.0
0.0
0.0
0.0
0.0
0.0
0.0
0.0
0.0
0.0
0.0
0.0
0.0
0.0
0.0
0.0
0.0
0.0
0.0
0.0
0.0
0.0
0.0
0.0
0.0
0.0
0.0
0.0
0.0
0.0
0.0
0.0
0.0
0.0
0.0
0.0
0.0
0.0
0.0
0.0
0.0
0.0
0.0
0.0
0.0
0.0
0.0
0.0
0.0
0.0
0.0
0.0
0.0
0.0
0.0
0.0
0.0
0.0
0.0
0.0
0.0
0.0
0.0
0.0
0.0
0.0
0.0
0.0
0.0
0.0
0.0
0.0
0.0
0.0
0.0
0.0
0.0
0.0
0.0
0.0
0.0
0.0
0.0
0.0
0.0
0.0
0.0
0.0
0.0
0.0
0.0
0.0
0.0
0.0
0.0
0.0
0.0
0.0
0.0
0.0
0.0
0.0
0.0
0.0
0.0
0.0
0.0
0.0
0.0
0.0
0.0
0.0
0.0
0.0
0.0
0.0
0.0
0.0
0.0
0.0
0.0
0.0
0.0
0.0
0.0
0.0
0.0
0.0
0.0
0.0
0.0
0.0
0.0
0.0
0.0
0.0
0.0
0.0
0.0
0.0
0.0
0.0
0.0
0.0
0.0
0.0
0.0
0.0
0.0
0.0
0.0
0.0
0.0
0.0
0.0
0.0
0.0
0.0
0.0
0.0
0.0
0.0
0.0
0.0
0.0
0.0
0.0
0.0
0.0
0.0
0.0
0.0
0.0
0.0
0.0
0.0
0.0
0.0
0.0
0.0
0.0
0.0
0.0
0.0
0.0
0.0
0.0
0.0
0.0
0.0
0.0
0.0
0.0
0.0
0.0
0.0
0.0
0.0
0.0
0.0
0.0
0.0
0.0
0.0
0.0
0.0
0.0
0.0
0.0
0.0
0.0
0.0
0.0
0.0
0.0
0.0
0.0
0.0
0.0
0.0
0.0
0.0
0.0
0.0
0.0
0.0
0.0
0.0
0.0
0.0
0.0
0.0
0.0
0.0
0.0
0.0
0.0
0.0
0.0
0.0
0.0
0.0
0.0
0.0
0.0
0.0
0.0
0.0
0.0
0.0
0.0
0.0
0.0
0.0
0.0
0.0
0.0
0.0
0.0
0.0
0.0
0.0
0.0
0.0
0.0
0.0
0.0
0.0
0.0
0.0
0.0
0.0
0.0
0.0
0.0
0.0
0.0
0.0
0.0
0.0
0.0
0.0
0.0
0.0
0.0
0.0
0.0
0.0
0.0
0.0
0.0
0.0
0.0
0.0
0.0
0.0
0.0
0.0
0.0
0.0
0.0
0.0
0.0
0.0
0.0
0.0
0.0
0.0
0.0
0.0
0.0
0.0
0.0
0.0
0.0
0.0
0.0
0.0
0.0
0.0
0.0
0.0
0.0
0.0
0.0
0.0
0.0
0.0
0.0
0.0
0.0
0.0
0.0
0.0
0.0
0.0
0.0
0.0
0.0
0.0
0.0
0.0
0.0
0.0
0.0
0.0
0.0
0.0
0.0
0.0
0.0
0.0
0.0
0.0
0.0
0.0
0.0
0.0
0.0
0.0
0.0
0.0
0.0
0.0
0.0
0.0
0.0
0.0
0.0
0.0
0.0
0.0
0.0
0.0
0.0
0.0
0.0
0.0
0.0
0.0
0.0
0.0
0.0
0.0
0.0
0.0
0.0
0.0
0.0
0.0
0.0
0.0
0.0
0.0
0.0
0.0
0.0
0.0
0.0
0.0
0.0
0.0
0.0
0.0
0.0
0.0
0.0
0.0
0.0
0.0
0.0
0.0
0.0
0.0
0.0
0.0
0.0
0.0
0.0
0.0
0.0
0.0
0.0
0.0
0.0
0.0
0.0
0.0
0.0
0.0
0.0
0.0
0.0
0.0
0.0
0.0
0.0
0.0
0.0
0.0
0.0
0.0
0.0
0.0
0.0
0.0
0.0
0.0
0.0
0.0
0.0
0.0
0.0
0.0
0.0
0.0
0.0
0.0
0.0
0.0
0.0
0.0
0.0
0.0
0.0
0.0
0.0
0.0
0.0
0.0
0.0
0.0
0.0
0.0
0.0
0.0
0.0
0.0
0.0
0.0
0.0
0.0
0.0
0.0
0.0
0.0
0.0
0.0
0.0
0.0
0.0
0.0
0.0
0.0
0.0
0.0
0.0
0.0
0.0
0.0
0.0
0.0
0.0
0.0
0.0
0.0
0.0
0.0
0.0
0.0
0.0
0.0
0.0
0.0
0.0
0.0
0.0
0.0
0.0
0.0
0.0
0.0
0.0
0.0
0.0
0.0
0.0
0.0
0.0
0.0
0.0
0.0
0.0
0.0
0.0
0.0
0.0
0.0
0.0
0.0
0.0
0.0
0.0
0.0
0.0
0.0
0.0
0.0
0.0
0.0
0.0
0.0
0.0
0.0
0.0
0.0
0.0
0.0
0.0
0.0
0.0
0.0
0.0
0.0
0.0
0.0
0.0
0.0
0.0
0.0
0.0
0.0
0.0
0.0
0.0
0.0
0.0
0.0
0.0
0.0
0.0
0.0
0.0
0.0
0.0
0.0
0.0
0.0
0.0
0.0
0.0
0.0
0.0
0.0
0.0
0.0
0.0
0.0
0.0
0.0
0.0
0.0
0.0
0.0
0.0
0.0
0.0
0.0
0.0
0.0
0.0
0.0
0.0
0.0
0.0
0.0
0.0
0.0
0.0
0.0
0.0
0.0
0.0
0.0
0.0
0.0
0.0
0.0
0.0
0.0
0.0
0.0
0.0
0.0
0.0
0.0
0.0
0.0
0.0
0.0
0.0
0.0
0.0
0.0
0.0
0.0
0.0
0.0
0.0
0.0
0.0
0.0
0.0
0.0
0.0
0.0
0.0
0.0
0.0
0.0
0.0
0.0
0.0
0.0
0.0
0.0
0.0
0.0
0.0
0.0
0.0
0.0
0.0
0.0
0.0
0.0
0.0
0.0
0.0
0.0
0.0
0.0
0.0
0.0
0.0
0.0
0.0
0.0
0.0
0.0
0.0
0.0
0.0
0.0
0.0
0.0
0.0
0.0
0.0
0.0
0.0
0.0
0.0
0.0
0.0
0.0
0.0
0.0
0.0
0.0
0.0
0.0
0.0
0.0
0.0
0.0
0.0
0.0
0.0
0.0
0.0
0.0
0.0
0.0
0.0
0.0
0.0
0.0
0.0
0.0
0.0
0.0
0.0
0.0
0.0
0.0
0.0
0.0
0.0
0.0
0.0
0.0
0.0
0.0
0.0
0.0
0.0
0.0
0.0
0.0
0.0
0.0
0.0
0.0
0.0
0.0
0.0
0.0
0.0
0.0
0.0
0.0
0.0
0.0
0.0
0.0
0.0
0.0
0.0
0.0
0.0
0.0
0.0
0.0
0.0
0.0
0.0
0.0
0.0
0.0
0.0
0.0
0.0
0.0
0.0
0.0
0.0
0.0
0.0
0.0
0.0
0.0
0.0
0.0
0.0
0.0
0.0
0.0
0.0
0.0
0.0
0.0
0.0
0.0
0.0
0.0
0.0
0.0
0.0
0.0
0.0
0.0
0.0
0.0
0.0
0.0
0.0
0.0
0.0
0.0
0.0
0.0
0.0
0.0
0.0
0.0
0.0
0.0
0.0
0.0
0.0
0.0
0.0
0.0
0.0
0.0
0.0
0.0
0.0
0.0
0.0
0.0
0.0
0.0
0.0
0.0
0.0
0.0
0.0
0.0
0.0
0.0
0.0
0.0
0.0
0.0
0.0
0.0
0.0
0.0
0.0
0.0
0.0
0.0
0.0
0.0
0.0
0.0
0.0
0.0
0.0
0.0
0.0
0.0
0.0
0.0
0.0
0.0
0.0
0.0
0.0
0.0
0.0
0.0
0.0
0.0
0.0
0.0
0.0
0.0
0.0
0.0
0.0
0.0
0.0
0.0
0.0
0.0
0.0
0.0
0.0
0.0
0.0
0.0
0.0
0.0
0.0
0.0
0.0
0.0
0.0
0.0
0.0
0.0
0.0
0.0
0.0
0.0
0.0
0.0
0.0
0.0
0.0
0.0
0.0
0.0
0.0
0.0
0.0
0.0
0.0
0.0
0.0
0.0
0.0
0.0
0.0
0.0
0.0
0.0
0.0
0.0
0.0
0.0
0.0
0.0
0.0
0.0
0.0
0.0
0.0
0.0
0.0
0.0
0.0
0.0
0.0
0.0
0.0
0.0
0.0
0.0
0.0
0.0
0.0
0.0
0.0
0.0
0.0
0.0
0.0
0.0
0.0
0.0
0.0
0.0
0.0
0.0
0.0
0.0
0.0
0.0
0.0
0.0
0.0
0.0
0.0
0.0
0.0
0.0
0.0
0.0
0.0
0.0
0.0
0.0
0.0
0.0
0.0
0.0
0.0
0.0
0.0
0.0
0.0
0.0
0.0
0.0
0.0
0.0
0.0
0.0
0.0
0.0
0.0
0.0
0.0
0.0
0.0
0.0
0.0
0.0
0.0
0.0
0.0
0.0
0.0
0.0
0.0
0.0
0.0
0.0
0.0
0.0
0.0
0.0
0.0
0.0
0.0
0.0
0.0
0.0
0.0
0.0
0.0
0.0
0.0
0.0
0.0
0.0
0.0
0.0
0.0
0.0
0.0
0.0
0.0
0.0
0.0
0.0
0.0
0.0
0.0
0.0
0.0
0.0
0.0
0.0
0.0
0.0
0.0
0.0
0.0
0.0
0.0
0.0
0.0
0.0
0.0
0.0
0.0
0.0
0.0
0.0
0.0
0.0
0.0
0.0
0.0
0.0
0.0
0.0
0.0
0.0
0.0
0.0
0.0
0.0
0.0
0.0
0.0
0.0
0.0
0.0
0.0
0.0
0.0
0.0
0.0
0.0
0.0
0.0
0.0
0.0
0.0
0.0
0.0
0.0
0.0
0.0
0.0
0.0
0.0
0.0
0.0
0.0
0.0
0.0
0.0
0.0
0.0
0.0
0.0
0.0
0.0
0.0
0.0
0.0
0.0
0.0
0.0
0.0
0.0
0.0
0.0
0.0
0.0
0.0
0.0
0.0
0.0
0.0
0.0
0.0
0.0
0.0
0.0
0.0
0.0
0.0
0.0
0.0
0.0
0.0
0.0
0.0
0.0
0.0
0.0
0.0
0.0
0.0
0.0
0.0
0.0
0.0
0.0
0.0
0.0
0.0
0.0
0.0
0.0
0.0
0.0
0.0
0.0
0.0
0.0
0.0
0.0
0.0
0.0
0.0
0.0
0.0
0.0
0.0
0.0
0.0
0.0
0.0
0.0
0.0
0.0
0.0
0.0
0.0
0.0
0.0
0.0
0.0
0.0
0.0
0.0
0.0
0.0
0.0
0.0
0.0
0.0
0.0
0.0
0.0
0.0
0.0
0.0
0.0
0.0
0.0
0.0
0.0
0.0
0.0
0.0
0.0
0.0
0.0
0.0
0.0
0.0
0.0
0.0
0.0
0.0
0.0
0.0
0.0
0.0
0.0
0.0
0.0
0.0
0.0
0.0
0.0
0.0
0.0
0.0
0.0
0.0
0.0
0.0
0.0
0.0
0.0
0.0
0.0
0.0
0.0
0.0
0.0
0.0
0.0
0.0
0.0
0.0
0.0
0.0
0.0
0.0
0.0
0.0
0.0
0.0
0.0
0.0
0.0
0.0
0.0
0.0
0.0
0.0
0.0
0.0
0.0
0.0
0.0
0.0
0.0
0.0
0.0
0.0
0.0
0.0
0.0
0.0
0.0
0.0
0.0
0.0
0.0
0.0
0.0
0.0
0.0
0.0
0.0
0.0
0.0
0.0
0.0
0.0
0.0
0.0
0.0
0.0
0.0
0.0
0.0
0.0
0.0
0.0
0.0
0.0
0.0
0.0
0.0
0.0
0.0
0.0
0.0
0.0
0.0
0.0
0.0
0.0
0.0
0.0
0.0
0.0
0.0
0.0
0.0
0.0
0.0
0.0
0.0
0.0
0.0
0.0
0.0
0.0
0.0
0.0
0.0
0.0
0.0
0.0
0.0
0.0
0.0
0.0
0.0
0.0
0.0
0.0
0.0
0.0
0.0
0.0
0.0
0.0
0.0
0.0
0.0
0.0
0.0
0.0
0.0
0.0
0.0
0.0
0.0
0.0
0.0
0.0
0.0
0.0
0.0
0.0
0.0
0.0
0.0
0.0
0.0
0.0
0.0
0.0
0.0
0.0
0.0
0.0
0.0
0.0
0.0
0.0
0.0
0.0
0.0
0.0
0.0
0.0
0.0
0.0
0.0
0.0
0.0
0.0
0.0
0.0
0.0
0.0
0.0
0.0
0.0
0.0
0.0
0.0
0.0
0.0
0.0
0.0
0.0
0.0
0.0
0.0
0.0
0.0
0.0
0.0
0.0
0.0
0.0
0.0
0.0
0.0
0.0
0.0
0.0
0.0
0.0
0.0
0.0
0.0
0.0
0.0
0.0
0.0
0.0
0.0
0.0
0.0
0.0
0.0
0.0
0.0
0.0
0.0
0.0
0.0
0.0
0.0
0.0
0.0
0.0
0.0
0.0
0.0
0.0
0.0
0.0
0.0
0.0
0.0
0.0
0.0
0.0
0.0
0.0
0.0
0.0
0.0
0.0
0.0
0.0
0.0
0.0
0.0
0.0
0.0
0.0
0.0
0.0
0.0
0.0
0.0
0.0
0.0
0.0
0.0
0.0
0.0
0.0
0.0
0.0
0.0
0.0
0.0
0.0
0.0
0.0
0.0
0.0
0.0
0.0
0.0
0.0
0.0
0.0
0.0
0.0
0.0
0.0
0.0
0.0
0.0
0.0
0.0
0.0
0.0
0.0
0.0
0.0
0.0
0.0
0.0
0.0
0.0
0.0
0.0
0.0
0.0
0.0
0.0
0.0
0.0
0.0
0.0
0.0
0.0
0.0
0.0
0.0
0.0
0.0
0.0
0.0
0.0
0.0
0.0
0.0
0.0
0.0
0.0
0.0
0.0
0.0
0.0
0.0
0.0
0.0
0.0
0.0
0.0
0.0
0.0
0.0
0.0
0.0
0.0
0.0
0.0
0.0
0.0
0.0
0.0
0.0
0.0
0.0
0.0
0.0
0.0
0.0
0.0
0.0
0.0
0.0
0.0
0.0
0.0
0.0
0.0
0.0
0.0
0.0
0.0
0.0
0.0
0.0
0.0
0.0
0.0
0.0
0.0
0.0
0.0
0.0
0.0
0.0
0.0
0.0
0.0
0.0
0.0
0.0
0.0
0.0
0.0
0.0
0.0
0.0
0.0
0.0
0.0
0.0
0.0
0.0
0.0
0.0
0.0
0.0
0.0
0.0
0.0
0.0
0.0
0.0
0.0
0.0
0.0
0.0
0.0
0.0
0.0
0.0
0.0
0.0
0.0
0.0
0.0
0.0
0.0
0.0
0.0
0.0
0.0
0.0
0.0
0.0
0.0
0.0
0.0
0.0
0.0
0.0
0.0
0.0
0.0
0.0
0.0
0.0
0.0
0.0
0.0
0.0
0.0
0.0
0.0
0.0
0.0
0.0
0.0
0.0
0.0
0.0
0.0
0.0
0.0
0.0
0.0
0.0
0.0
0.0
0.0
0.0
0.0
0.0
0.0
0.0
0.0
0.0
0.0
0.0
0.0
0.0
0.0
0.0
0.0
0.0
0.0
0.0
0.0
0.0
0.0
0.0
0.0
0.0
0.0
0.0
0.0
0.0
0.0
0.0
0.0
0.0
0.0
0.0
0.0
0.0
0.0
0.0
0.0
0.0
0.0
0.0
0.0
0.0
0.0
0.0
0.0
0.0
0.0
0.0
0.0
0.0
0.0
0.0
0.0
0.0
0.0
0.0
0.0
0.0
0.0
0.0
0.0
0.0
0.0
0.0
0.0
0.0
0.0
0.0
0.0
0.0
0.0
0.0
0.0
0.0
0.0
0.0
0.0
0.0
0.0
0.0
0.0
0.0
0.0
0.0
0.0
0.0
0.0
0.0
0.0
0.0
0.0
0.0
0.0
0.0
0.0
0.0
0.0
0.0
0.0
0.0
0.0
0.0
0.0
0.0
0.0
0.0
0.0
0.0
0.0
0.0
0.0
0.0
0.0
0.0
0.0
0.0
0.0
0.0
0.0
0.0
0.0
0.0
0.0
0.0
0.0
0.0
0.0
0.0
0.0
0.0
0.0
0.0
0.0
0.0
0.0
0.0
0.0
0.0
0.0
0.0
0.0
0.0
0.0
0.0
0.0
0.0
0.0
0.0
0.0
0.0
0.0
0.0
0.0
0.0
0.0
0.0
0.0
0.0
0.0
0.0
0.0
0.0
0.0
0.0
0.0
0.0
0.0
0.0
0.0
0.0
0.0
0.0
0.0
0.0
0.0
0.0
0.0
0.0
0.0
0.0
0.0
0.0
0.0
0.0
0.0
0.0
0.0
0.0
0.0
0.0
0.0
0.0
0.0
0.0
0.0
0.0
0.0
0.0
0.0
0.0
0.0
0.0
0.0
0.0
0.0
0.0
0.0
0.0
0.0
0.0
0.0
0.0
0.0
0.0
0.0
0.0
0.0
0.0
0.0
0.0
0.0
0.0
0.0
0.0
0.0
0.0
0.0
0.0
0.0
0.0
0.0
0.0
0.0
0.0
0.0
0.0
0.0
0.0
0.0
0.0
0.0
0.0
0.0
0.0
0.0
0.0
0.0
0.0
0.0
0.0
0.0
0.0
0.0
0.0
0.0
0.0
0.0
0.0
0.0
0.0
0.0
0.0
0.0
0.0
0.0
0.0
0.0
0.0
0.0
0.0
0.0
0.0
0.0
0.0
0.0
0.0
0.0
0.0
0.0
0.0
0.0
0.0
0.0
0.0
0.0
0.0
0.0
0.0
0.0
0.0
0.0
0.0
0.0
0.0
0.0
0.0
0.0
0.0
0.0
0.0
0.0
0.0
0.0
0.0
0.0
0.0
0.0
0.0
0.0
0.0
0.0
0.0
0.0
0.0
0.0
0.0
0.0
0.0
0.0
0.0
0.0
0.0
0.0
0.0
0.0
0.0
0.0
0.0
0.0
0.0
0.0
0.0
0.0
0.0
0.0
0.0
0.0
0.0
0.0
0.0
0.0
0.0
0.0
0.0
0.0
0.0
0.0
0.0
0.0
0.0
0.0
0.0
0.0
0.0
0.0
0.0
0.0
0.0
0.0
0.0
0.0
0.0
0.0
0.0
0.0
0.0
0.0
0.0
0.0
0.0
0.0
0.0
0.0
0.0
0.0
0.0
0.0
0.0
0.0
0.0
0.0
0.0
0.0
0.0
0.0
0.0
0.0
0.0
0.0
0.0
0.0
0.0
0.0
0.0
0.0
0.0
0.0
0.0
0.0
0.0
0.0
0.0
0.0
0.0
0.0
0.0
0.0
0.0
0.0
0.0
0.0
0.0
0.0
0.0
0.0
0.0
0.0
0.0
0.0
0.0
0.0
0.0
0.0
0.0
0.0
0.0
0.0
0.0
0.0
0.0
0.0
0.0
0.0
0.0
0.0
0.0
0.0
0.0
0.0
0.0
0.0
0.0
0.0
0.0
0.0
0.0
0.0
0.0
0.0
0.0
0.0
0.0
0.0
0.0
0.0
0.0
0.0
0.0
0.0
0.0
0.0
0.0
0.0
0.0
0.0
0.0
0.0
0.0
0.0
0.0
0.0
0.0
0.0
0.0
0.0
0.0
0.0
0.0
0.0
0.0
0.0
0.0
0.0
0.0
0.0
0.0
0.0
0.0
0.0
0.0
0.0
0.0
0.0
0.0
0.0
0.0
0.0
0.0
0.0
0.0
0.0
0.0
0.0
0.0
0.0
0.0
0.0
0.0
0.0
0.0
0.0
0.0
0.0
0.0
0.0
0.0
0.0
0.0
0.0
0.0
0.0
0.0
0.0
0.0
0.0
0.0
0.0
0.0
0.0
0.0
0.0
0.0
0.0
0.0
0.0
0.0
0.0
0.0
0.0
0.0
0.0
0.0
0.0
0.0
0.0
0.0
0.0
0.0
0.0
0.0
0.0
0.0
0.0
0.0
0.0
0.0
0.0
0.0
0.0
0.0
0.0
0.0
0.0
0.0
0.0
0.0
0.0
0.0
0.0
0.0
0.0
0.0
0.0
0.0
0.0
0.0
0.0
0.0
0.0
0.0
0.0
0.0
0.0
0.0
0.0
0.0
0.0
0.0
0.0
0.0
0.0
0.0
0.0
0.0
0.0
0.0
0.0
0.0
0.0
0.0
0.0
0.0
0.0
0.0
0.0
0.0
0.0
0.0
0.0
0.0
0.0
0.0
0.0
0.0
0.0
0.0
0.0
0.0
0.0
0.0
0.0
0.0
0.0
0.0
0.0
0.0
0.0
0.0
0.0
0.0
0.0
0.0
0.0
0.0
0.0
0.0
0.0
0.0
0.0
0.0
0.0
0.0
0.0
0.0
0.0
0.0
0.0
0.0
0.0
0.0
0.0
0.0
0.0
0.0
0.0
0.0
0.0
0.0
0.0
0.0
0.0
0.0
0.0
0.0
0.0
0.0
0.0
0.0
0.0
0.0
0.0
0.0
0.0
0.0
0.0
0.0
0.0
0.0
0.0
0.0
0.0
0.0
0.0
0.0
0.0
0.0
0.0
0.0
0.0
0.0
0.0
0.0
0.0
0.0
0.0
0.0
0.0
0.0
0.0
0.0
0.0
0.0
0.0
0.0
0.0
0.0
0.0
0.0
0.0
0.0
0.0
0.0
0.0
0.0
0.0
0.0
0.0
0.0
0.0
0.0
0.0
0.0
0.0
0.0
0.0
0.0
0.0
0.0
0.0
0.0
0.0
0.0
0.0
0.0
0.0
0.0
0.0
0.0
0.0
0.0
0.0
0.0
0.0
0.0
0.0
0.0
0.0
0.0
0.0
0.0
0.0
0.0
0.0
0.0
0.0
0.0
0.0
0.0
0.0
0.0
0.0
0.0
0.0
0.0
0.0
0.0
0.0
0.0
0.0
0.0
0.0
0.0
0.0
0.0
0.0
0.0
0.0
0.0
0.0
0.0
0.0
0.0
0.0
0.0
0.0
0.0
0.0
0.0
0.0
0.0
0.0
0.0
0.0
0.0
0.0
0.0
0.0
0.0
0.0
0.0
0.0
0.0
0.0
0.0
0.0
0.0
0.0
0.0
0.0
0.0
0.0
0.0
0.0
0.0
0.0
0.0
0.0
0.0
0.0
0.0
0.0
0.0
0.0
0.0
0.0
0.0
0.0
0.0
0.0
0.0
0.0
0.0
0.0
0.0
0.0
0.0
0.0
0.0
0.0
0.0
0.0
0.0
0.0
0.0
0.0
0.0
0.0
0.0
0.0
0.0
0.0
0.0
0.0
0.0
0.0
0.0
